2016-08-27 11:03:40,662 [localhost-startStop-1] ERROR StackTrace  - Full Stack Trace:
liquibase.exception.ChangeLogParseException: changelog.xml does not exist
	at liquibase.parser.core.xml.XMLChangeLogSAXParser.parse(XMLChangeLogSAXParser.java:93)
	at liquibase.Liquibase.listUnrunChangeSets(Liquibase.java:623)
	at liquibase.Liquibase$listUnrunChangeSets.call(Unknown Source)
	at org.codehaus.groovy.runtime.callsite.CallSiteArray.defaultCall(CallSiteArray.java:45)
	at org.codehaus.groovy.runtime.callsite.AbstractCallSite.call(AbstractCallSite.java:108)
	at org.codehaus.groovy.runtime.callsite.AbstractCallSite.call(AbstractCallSite.java:116)
	at grails.plugin.databasemigration.MigrationRunner.runMigrations(MigrationRunner.groovy:96)
	at sun.reflect.NativeMethodAccessorImpl.invoke0(Native Method)
	at sun.reflect.NativeMethodAccessorImpl.invoke(NativeMethodAccessorImpl.java:57)
	at sun.reflect.DelegatingMethodAccessorImpl.invoke(DelegatingMethodAccessorImpl.java:43)
	at java.lang.reflect.Method.invoke(Method.java:606)
	at org.springsource.loaded.ri.ReflectiveInterceptor.jlrMethodInvoke(ReflectiveInterceptor.java:1270)
	at org.codehaus.groovy.reflection.CachedMethod.invoke(CachedMethod.java:90)
	at groovy.lang.MetaMethod.doMethodInvoke(MetaMethod.java:324)
	at groovy.lang.MetaClassImpl.invokeMethod(MetaClassImpl.java:1207)
	at groovy.lang.ExpandoMetaClass.invokeMethod(ExpandoMetaClass.java:1110)
	at groovy.lang.MetaClassImpl.invokeMethod(MetaClassImpl.java:1016)
	at groovy.lang.MetaClassImpl.invokeMethod(MetaClassImpl.java:1152)
	at groovy.lang.ExpandoMetaClass.invokeMethod(ExpandoMetaClass.java:1110)
	at groovy.lang.MetaClassImpl.invokeMethod(MetaClassImpl.java:1016)
	at org.codehaus.groovy.runtime.callsite.PogoMetaClassSite.callCurrent(PogoMetaClassSite.java:66)
	at org.codehaus.groovy.runtime.callsite.CallSiteArray.defaultCallCurrent(CallSiteArray.java:49)
	at org.codehaus.groovy.runtime.callsite.AbstractCallSite.callCurrent(AbstractCallSite.java:133)
	at grails.plugin.databasemigration.MigrationRunner$_autoRun_closure1.doCall(MigrationRunner.groovy:76)
	at grails.plugin.databasemigration.MigrationRunner$_autoRun_closure1.doCall(MigrationRunner.groovy)
	at sun.reflect.NativeMethodAccessorImpl.invoke0(Native Method)
	at sun.reflect.NativeMethodAccessorImpl.invoke(NativeMethodAccessorImpl.java:57)
	at sun.reflect.DelegatingMethodAccessorImpl.invoke(DelegatingMethodAccessorImpl.java:43)
	at java.lang.reflect.Method.invoke(Method.java:606)
	at org.springsource.loaded.ri.ReflectiveInterceptor.jlrMethodInvoke(ReflectiveInterceptor.java:1270)
	at org.codehaus.groovy.runtime.callsite.PogoMetaMethodSite$PogoCachedMethodSiteNoUnwrapNoCoerce.invoke(PogoMetaMethodSite.java:207)
	at org.codehaus.groovy.runtime.callsite.PogoMetaMethodSite.call(PogoMetaMethodSite.java:68)
	at org.codehaus.groovy.runtime.callsite.CallSiteArray.defaultCall(CallSiteArray.java:45)
	at org.codehaus.groovy.runtime.callsite.AbstractCallSite.call(AbstractCallSite.java:108)
	at org.codehaus.groovy.runtime.callsite.AbstractCallSite.call(AbstractCallSite.java:112)
	at grails.plugin.databasemigration.MigrationUtils.executeInSession(MigrationUtils.groovy:133)
	at grails.plugin.databasemigration.MigrationUtils$executeInSession$3.call(Unknown Source)
	at org.codehaus.groovy.runtime.callsite.CallSiteArray.defaultCall(CallSiteArray.java:45)
	at org.codehaus.groovy.runtime.callsite.AbstractCallSite.call(AbstractCallSite.java:108)
	at org.codehaus.groovy.runtime.callsite.AbstractCallSite.call(AbstractCallSite.java:120)
	at grails.plugin.databasemigration.MigrationRunner.autoRun(MigrationRunner.groovy:56)
	at grails.plugin.databasemigration.MigrationRunner$autoRun.call(Unknown Source)
	at org.codehaus.groovy.runtime.callsite.CallSiteArray.defaultCall(CallSiteArray.java:45)
	at org.codehaus.groovy.runtime.callsite.AbstractCallSite.call(AbstractCallSite.java:108)
	at org.codehaus.groovy.runtime.callsite.AbstractCallSite.call(AbstractCallSite.java:116)
	at DatabaseMigrationGrailsPlugin$_closure2.doCall(DatabaseMigrationGrailsPlugin.groovy:96)
	at sun.reflect.NativeMethodAccessorImpl.invoke0(Native Method)
	at sun.reflect.NativeMethodAccessorImpl.invoke(NativeMethodAccessorImpl.java:57)
	at sun.reflect.DelegatingMethodAccessorImpl.invoke(DelegatingMethodAccessorImpl.java:43)
	at java.lang.reflect.Method.invoke(Method.java:606)
	at org.springsource.loaded.ri.ReflectiveInterceptor.jlrMethodInvoke(ReflectiveInterceptor.java:1270)
	at org.codehaus.groovy.reflection.CachedMethod.invoke(CachedMethod.java:90)
	at groovy.lang.MetaMethod.doMethodInvoke(MetaMethod.java:324)
	at groovy.lang.MetaClassImpl.invokeMethod(MetaClassImpl.java:1207)
	at groovy.lang.ExpandoMetaClass.invokeMethod(ExpandoMetaClass.java:1110)
	at groovy.lang.MetaClassImpl.invokeMethod(MetaClassImpl.java:1016)
	at groovy.lang.Closure.call(Closure.java:423)
	at DatabaseMigrationGrailsPlugin$_closure2.call(DatabaseMigrationGrailsPlugin.groovy)
	at org.codehaus.groovy.grails.plugins.DefaultGrailsPlugin.doWithApplicationContext(DefaultGrailsPlugin.java:488)
	at org.codehaus.groovy.grails.plugins.AbstractGrailsPluginManager.doPostProcessing(AbstractGrailsPluginManager.java:176)
	at org.codehaus.groovy.grails.commons.spring.GrailsRuntimeConfigurator.performPostProcessing(GrailsRuntimeConfigurator.java:240)
	at org.codehaus.groovy.grails.commons.spring.GrailsRuntimeConfigurator.configure(GrailsRuntimeConfigurator.java:176)
	at org.codehaus.groovy.grails.commons.spring.GrailsRuntimeConfigurator.configure(GrailsRuntimeConfigurator.java:127)
	at org.codehaus.groovy.grails.web.context.GrailsConfigUtils.configureWebApplicationContext(GrailsConfigUtils.java:126)
	at org.codehaus.groovy.grails.web.context.GrailsContextLoaderListener.initWebApplicationContext(GrailsContextLoaderListener.java:109)
	at org.springframework.web.context.ContextLoaderListener.contextInitialized(ContextLoaderListener.java:106)
	at org.apache.catalina.core.StandardContext.listenerStart(StandardContext.java:4992)
	at org.apache.catalina.core.StandardContext.startInternal(StandardContext.java:5490)
	at org.apache.catalina.util.LifecycleBase.start(LifecycleBase.java:150)
	at org.apache.catalina.core.ContainerBase$StartChild.call(ContainerBase.java:1575)
	at org.apache.catalina.core.ContainerBase$StartChild.call(ContainerBase.java:1565)
	at java.util.concurrent.FutureTask.run(FutureTask.java:262)
	at java.util.concurrent.ThreadPoolExecutor.runWorker(ThreadPoolExecutor.java:1145)
	at java.util.concurrent.ThreadPoolExecutor$Worker.run(ThreadPoolExecutor.java:615)
	at java.lang.Thread.run(Thread.java:745)
2016-08-27 11:03:40,664 [localhost-startStop-1] ERROR StackTrace  - Full Stack Trace:
liquibase.exception.ChangeLogParseException: changelog.xml does not exist
	at liquibase.parser.core.xml.XMLChangeLogSAXParser.parse(XMLChangeLogSAXParser.java:93)
	at liquibase.Liquibase.listUnrunChangeSets(Liquibase.java:623)
	at grails.plugin.databasemigration.MigrationRunner.runMigrations(MigrationRunner.groovy:96)
	at grails.plugin.databasemigration.MigrationRunner$_autoRun_closure1.doCall(MigrationRunner.groovy:76)
	at grails.plugin.databasemigration.MigrationUtils.executeInSession(MigrationUtils.groovy:133)
	at grails.plugin.databasemigration.MigrationRunner.autoRun(MigrationRunner.groovy:56)
	at DatabaseMigrationGrailsPlugin$_closure2.doCall(DatabaseMigrationGrailsPlugin.groovy:96)
	at java.util.concurrent.FutureTask.run(FutureTask.java:262)
	at java.util.concurrent.ThreadPoolExecutor.runWorker(ThreadPoolExecutor.java:1145)
	at java.util.concurrent.ThreadPoolExecutor$Worker.run(ThreadPoolExecutor.java:615)
	at java.lang.Thread.run(Thread.java:745)
2016-08-27 11:03:40,665 [localhost-startStop-1] ERROR StackTrace  - Full Stack Trace:
liquibase.exception.ChangeLogParseException: changelog.xml does not exist
	at liquibase.parser.core.xml.XMLChangeLogSAXParser.parse(XMLChangeLogSAXParser.java:93)
	at liquibase.Liquibase.listUnrunChangeSets(Liquibase.java:623)
	at grails.plugin.databasemigration.MigrationRunner.runMigrations(MigrationRunner.groovy:96)
	at grails.plugin.databasemigration.MigrationRunner$_autoRun_closure1.doCall(MigrationRunner.groovy:76)
	at grails.plugin.databasemigration.MigrationUtils.executeInSession(MigrationUtils.groovy:133)
	at grails.plugin.databasemigration.MigrationRunner.autoRun(MigrationRunner.groovy:56)
	at DatabaseMigrationGrailsPlugin$_closure2.doCall(DatabaseMigrationGrailsPlugin.groovy:96)
	at java.util.concurrent.FutureTask.run(FutureTask.java:262)
	at java.util.concurrent.ThreadPoolExecutor.runWorker(ThreadPoolExecutor.java:1145)
	at java.util.concurrent.ThreadPoolExecutor$Worker.run(ThreadPoolExecutor.java:615)
	at java.lang.Thread.run(Thread.java:745)
2016-08-27 11:03:40,665 [localhost-startStop-1] ERROR StackTrace  - Full Stack Trace:
liquibase.exception.ChangeLogParseException: changelog.xml does not exist
	at liquibase.parser.core.xml.XMLChangeLogSAXParser.parse(XMLChangeLogSAXParser.java:93)
	at liquibase.Liquibase.listUnrunChangeSets(Liquibase.java:623)
	at grails.plugin.databasemigration.MigrationRunner.runMigrations(MigrationRunner.groovy:96)
	at grails.plugin.databasemigration.MigrationRunner$_autoRun_closure1.doCall(MigrationRunner.groovy:76)
	at grails.plugin.databasemigration.MigrationUtils.executeInSession(MigrationUtils.groovy:133)
	at grails.plugin.databasemigration.MigrationRunner.autoRun(MigrationRunner.groovy:56)
	at DatabaseMigrationGrailsPlugin$_closure2.doCall(DatabaseMigrationGrailsPlugin.groovy:96)
	at java.util.concurrent.FutureTask.run(FutureTask.java:262)
	at java.util.concurrent.ThreadPoolExecutor.runWorker(ThreadPoolExecutor.java:1145)
	at java.util.concurrent.ThreadPoolExecutor$Worker.run(ThreadPoolExecutor.java:615)
	at java.lang.Thread.run(Thread.java:745)
2016-08-27 11:03:40,666 [localhost-startStop-1] ERROR StackTrace  - Full Stack Trace:
liquibase.exception.ChangeLogParseException: changelog.xml does not exist
	at liquibase.parser.core.xml.XMLChangeLogSAXParser.parse(XMLChangeLogSAXParser.java:93)
	at liquibase.Liquibase.listUnrunChangeSets(Liquibase.java:623)
	at grails.plugin.databasemigration.MigrationRunner.runMigrations(MigrationRunner.groovy:96)
	at grails.plugin.databasemigration.MigrationRunner$_autoRun_closure1.doCall(MigrationRunner.groovy:76)
	at grails.plugin.databasemigration.MigrationUtils.executeInSession(MigrationUtils.groovy:133)
	at grails.plugin.databasemigration.MigrationRunner.autoRun(MigrationRunner.groovy:56)
	at DatabaseMigrationGrailsPlugin$_closure2.doCall(DatabaseMigrationGrailsPlugin.groovy:96)
	at java.util.concurrent.FutureTask.run(FutureTask.java:262)
	at java.util.concurrent.ThreadPoolExecutor.runWorker(ThreadPoolExecutor.java:1145)
	at java.util.concurrent.ThreadPoolExecutor$Worker.run(ThreadPoolExecutor.java:615)
	at java.lang.Thread.run(Thread.java:745)
2016-08-27 11:03:40,666 [localhost-startStop-1] ERROR StackTrace  - Full Stack Trace:
liquibase.exception.ChangeLogParseException: changelog.xml does not exist
	at liquibase.parser.core.xml.XMLChangeLogSAXParser.parse(XMLChangeLogSAXParser.java:93)
	at liquibase.Liquibase.listUnrunChangeSets(Liquibase.java:623)
	at grails.plugin.databasemigration.MigrationRunner.runMigrations(MigrationRunner.groovy:96)
	at grails.plugin.databasemigration.MigrationRunner$_autoRun_closure1.doCall(MigrationRunner.groovy:76)
	at grails.plugin.databasemigration.MigrationUtils.executeInSession(MigrationUtils.groovy:133)
	at grails.plugin.databasemigration.MigrationRunner.autoRun(MigrationRunner.groovy:56)
	at DatabaseMigrationGrailsPlugin$_closure2.doCall(DatabaseMigrationGrailsPlugin.groovy:96)
	at java.util.concurrent.FutureTask.run(FutureTask.java:262)
	at java.util.concurrent.ThreadPoolExecutor.runWorker(ThreadPoolExecutor.java:1145)
	at java.util.concurrent.ThreadPoolExecutor$Worker.run(ThreadPoolExecutor.java:615)
	at java.lang.Thread.run(Thread.java:745)
2016-08-27 11:03:40,666 [localhost-startStop-1] ERROR StackTrace  - Full Stack Trace:
liquibase.exception.ChangeLogParseException: changelog.xml does not exist
	at liquibase.parser.core.xml.XMLChangeLogSAXParser.parse(XMLChangeLogSAXParser.java:93)
	at liquibase.Liquibase.listUnrunChangeSets(Liquibase.java:623)
	at grails.plugin.databasemigration.MigrationRunner.runMigrations(MigrationRunner.groovy:96)
	at grails.plugin.databasemigration.MigrationRunner$_autoRun_closure1.doCall(MigrationRunner.groovy:76)
	at grails.plugin.databasemigration.MigrationUtils.executeInSession(MigrationUtils.groovy:133)
	at grails.plugin.databasemigration.MigrationRunner.autoRun(MigrationRunner.groovy:56)
	at DatabaseMigrationGrailsPlugin$_closure2.doCall(DatabaseMigrationGrailsPlugin.groovy:96)
	at java.util.concurrent.FutureTask.run(FutureTask.java:262)
	at java.util.concurrent.ThreadPoolExecutor.runWorker(ThreadPoolExecutor.java:1145)
	at java.util.concurrent.ThreadPoolExecutor$Worker.run(ThreadPoolExecutor.java:615)
	at java.lang.Thread.run(Thread.java:745)
2016-08-27 11:03:40,666 [localhost-startStop-1] ERROR StackTrace  - Full Stack Trace:
liquibase.exception.ChangeLogParseException: changelog.xml does not exist
	at liquibase.parser.core.xml.XMLChangeLogSAXParser.parse(XMLChangeLogSAXParser.java:93)
	at liquibase.Liquibase.listUnrunChangeSets(Liquibase.java:623)
	at grails.plugin.databasemigration.MigrationRunner.runMigrations(MigrationRunner.groovy:96)
	at grails.plugin.databasemigration.MigrationRunner$_autoRun_closure1.doCall(MigrationRunner.groovy:76)
	at grails.plugin.databasemigration.MigrationUtils.executeInSession(MigrationUtils.groovy:133)
	at grails.plugin.databasemigration.MigrationRunner.autoRun(MigrationRunner.groovy:56)
	at DatabaseMigrationGrailsPlugin$_closure2.doCall(DatabaseMigrationGrailsPlugin.groovy:96)
	at java.util.concurrent.FutureTask.run(FutureTask.java:262)
	at java.util.concurrent.ThreadPoolExecutor.runWorker(ThreadPoolExecutor.java:1145)
	at java.util.concurrent.ThreadPoolExecutor$Worker.run(ThreadPoolExecutor.java:615)
	at java.lang.Thread.run(Thread.java:745)
2016-08-27 11:39:59,076 [localhost-startStop-1] ERROR StackTrace  - Full Stack Trace:
com.mysql.jdbc.exceptions.jdbc4.MySQLSyntaxErrorException: Unknown database 'healthtech_dev'
	at sun.reflect.NativeConstructorAccessorImpl.newInstance0(Native Method)
	at sun.reflect.NativeConstructorAccessorImpl.newInstance(NativeConstructorAccessorImpl.java:57)
	at sun.reflect.DelegatingConstructorAccessorImpl.newInstance(DelegatingConstructorAccessorImpl.java:45)
	at java.lang.reflect.Constructor.newInstance(Constructor.java:526)
	at org.springsource.loaded.ri.ReflectiveInterceptor.jlrConstructorNewInstance(ReflectiveInterceptor.java:1002)
	at com.mysql.jdbc.Util.handleNewInstance(Util.java:411)
	at com.mysql.jdbc.Util.getInstance(Util.java:386)
	at com.mysql.jdbc.SQLError.createSQLException(SQLError.java:1054)
	at com.mysql.jdbc.MysqlIO.checkErrorPacket(MysqlIO.java:4237)
	at com.mysql.jdbc.MysqlIO.checkErrorPacket(MysqlIO.java:4169)
	at com.mysql.jdbc.MysqlIO.checkErrorPacket(MysqlIO.java:928)
	at com.mysql.jdbc.MysqlIO.proceedHandshakeWithPluggableAuthentication(MysqlIO.java:1750)
	at com.mysql.jdbc.MysqlIO.doHandshake(MysqlIO.java:1290)
	at com.mysql.jdbc.ConnectionImpl.coreConnect(ConnectionImpl.java:2502)
	at com.mysql.jdbc.ConnectionImpl.connectOneTryOnly(ConnectionImpl.java:2535)
	at com.mysql.jdbc.ConnectionImpl.createNewIO(ConnectionImpl.java:2320)
	at com.mysql.jdbc.ConnectionImpl.<init>(ConnectionImpl.java:834)
	at com.mysql.jdbc.JDBC4Connection.<init>(JDBC4Connection.java:46)
	at sun.reflect.NativeConstructorAccessorImpl.newInstance0(Native Method)
	at sun.reflect.NativeConstructorAccessorImpl.newInstance(NativeConstructorAccessorImpl.java:57)
	at sun.reflect.DelegatingConstructorAccessorImpl.newInstance(DelegatingConstructorAccessorImpl.java:45)
	at java.lang.reflect.Constructor.newInstance(Constructor.java:526)
	at org.springsource.loaded.ri.ReflectiveInterceptor.jlrConstructorNewInstance(ReflectiveInterceptor.java:1002)
	at com.mysql.jdbc.Util.handleNewInstance(Util.java:411)
	at com.mysql.jdbc.ConnectionImpl.getInstance(ConnectionImpl.java:416)
	at com.mysql.jdbc.NonRegisteringDriver.connect(NonRegisteringDriver.java:347)
	at org.apache.tomcat.jdbc.pool.PooledConnection.connectUsingDriver(PooledConnection.java:278)
	at org.apache.tomcat.jdbc.pool.PooledConnection.connect(PooledConnection.java:182)
	at org.apache.tomcat.jdbc.pool.ConnectionPool.createConnection(ConnectionPool.java:701)
	at org.apache.tomcat.jdbc.pool.ConnectionPool.borrowConnection(ConnectionPool.java:635)
	at org.apache.tomcat.jdbc.pool.ConnectionPool.init(ConnectionPool.java:486)
	at org.apache.tomcat.jdbc.pool.ConnectionPool.<init>(ConnectionPool.java:144)
	at org.apache.tomcat.jdbc.pool.DataSourceProxy.pCreatePool(DataSourceProxy.java:116)
	at org.apache.tomcat.jdbc.pool.DataSourceProxy.createPool(DataSourceProxy.java:103)
	at org.apache.tomcat.jdbc.pool.DataSourceProxy.getConnection(DataSourceProxy.java:127)
	at org.springframework.jdbc.datasource.LazyConnectionDataSourceProxy.afterPropertiesSet(LazyConnectionDataSourceProxy.java:162)
	at org.springframework.jdbc.datasource.LazyConnectionDataSourceProxy.<init>(LazyConnectionDataSourceProxy.java:106)
	at sun.reflect.NativeConstructorAccessorImpl.newInstance0(Native Method)
	at sun.reflect.NativeConstructorAccessorImpl.newInstance(NativeConstructorAccessorImpl.java:57)
	at sun.reflect.DelegatingConstructorAccessorImpl.newInstance(DelegatingConstructorAccessorImpl.java:45)
	at java.lang.reflect.Constructor.newInstance(Constructor.java:526)
	at org.springsource.loaded.ri.ReflectiveInterceptor.jlrConstructorNewInstance(ReflectiveInterceptor.java:1002)
	at org.springframework.beans.BeanUtils.instantiateClass(BeanUtils.java:148)
	at org.springframework.beans.factory.support.SimpleInstantiationStrategy.instantiate(SimpleInstantiationStrategy.java:125)
	at org.springframework.beans.factory.support.ConstructorResolver.autowireConstructor(ConstructorResolver.java:270)
	at org.springframework.beans.factory.support.AbstractAutowireCapableBeanFactory.autowireConstructor(AbstractAutowireCapableBeanFactory.java:1115)
	at org.springframework.beans.factory.support.AbstractAutowireCapableBeanFactory.createBeanInstance(AbstractAutowireCapableBeanFactory.java:1018)
	at org.springframework.beans.factory.support.AbstractAutowireCapableBeanFactory.doCreateBean(AbstractAutowireCapableBeanFactory.java:504)
	at org.springframework.beans.factory.support.AbstractAutowireCapableBeanFactory.createBean(AbstractAutowireCapableBeanFactory.java:475)
	at org.springframework.beans.factory.support.AbstractBeanFactory$1.getObject(AbstractBeanFactory.java:302)
	at org.springframework.beans.factory.support.DefaultSingletonBeanRegistry.getSingleton(DefaultSingletonBeanRegistry.java:228)
	at org.springframework.beans.factory.support.AbstractBeanFactory.doGetBean(AbstractBeanFactory.java:298)
	at org.springframework.beans.factory.support.AbstractBeanFactory.getBean(AbstractBeanFactory.java:193)
	at org.springframework.beans.factory.support.BeanDefinitionValueResolver.resolveReference(BeanDefinitionValueResolver.java:328)
	at org.springframework.beans.factory.support.BeanDefinitionValueResolver.resolveValueIfNecessary(BeanDefinitionValueResolver.java:108)
	at org.springframework.beans.factory.support.ConstructorResolver.resolveConstructorArguments(ConstructorResolver.java:646)
	at org.springframework.beans.factory.support.ConstructorResolver.autowireConstructor(ConstructorResolver.java:140)
	at org.springframework.beans.factory.support.AbstractAutowireCapableBeanFactory.autowireConstructor(AbstractAutowireCapableBeanFactory.java:1115)
	at org.springframework.beans.factory.support.AbstractAutowireCapableBeanFactory.createBeanInstance(AbstractAutowireCapableBeanFactory.java:1018)
	at org.springframework.beans.factory.support.AbstractAutowireCapableBeanFactory.doCreateBean(AbstractAutowireCapableBeanFactory.java:504)
	at org.springframework.beans.factory.support.AbstractAutowireCapableBeanFactory.createBean(AbstractAutowireCapableBeanFactory.java:475)
	at org.springframework.beans.factory.support.AbstractBeanFactory$1.getObject(AbstractBeanFactory.java:302)
	at org.springframework.beans.factory.support.DefaultSingletonBeanRegistry.getSingleton(DefaultSingletonBeanRegistry.java:228)
	at org.springframework.beans.factory.support.AbstractBeanFactory.doGetBean(AbstractBeanFactory.java:298)
	at org.springframework.beans.factory.support.AbstractBeanFactory.getBean(AbstractBeanFactory.java:193)
	at org.springframework.beans.factory.support.BeanDefinitionValueResolver.resolveReference(BeanDefinitionValueResolver.java:328)
	at org.springframework.beans.factory.support.BeanDefinitionValueResolver.resolveValueIfNecessary(BeanDefinitionValueResolver.java:108)
	at org.springframework.beans.factory.support.AbstractAutowireCapableBeanFactory.applyPropertyValues(AbstractAutowireCapableBeanFactory.java:1457)
	at org.springframework.beans.factory.support.AbstractAutowireCapableBeanFactory.populateBean(AbstractAutowireCapableBeanFactory.java:1198)
	at org.springframework.beans.factory.support.AbstractAutowireCapableBeanFactory.doCreateBean(AbstractAutowireCapableBeanFactory.java:537)
	at org.springframework.beans.factory.support.AbstractAutowireCapableBeanFactory.createBean(AbstractAutowireCapableBeanFactory.java:475)
	at org.springframework.beans.factory.support.AbstractBeanFactory$1.getObject(AbstractBeanFactory.java:302)
	at org.springframework.beans.factory.support.DefaultSingletonBeanRegistry.getSingleton(DefaultSingletonBeanRegistry.java:228)
	at org.springframework.beans.factory.support.AbstractBeanFactory.doGetBean(AbstractBeanFactory.java:298)
	at org.springframework.beans.factory.support.AbstractBeanFactory.getBean(AbstractBeanFactory.java:193)
	at org.springframework.beans.factory.support.BeanDefinitionValueResolver.resolveReference(BeanDefinitionValueResolver.java:328)
	at org.springframework.beans.factory.support.BeanDefinitionValueResolver.resolveValueIfNecessary(BeanDefinitionValueResolver.java:108)
	at org.springframework.beans.factory.support.AbstractAutowireCapableBeanFactory.applyPropertyValues(AbstractAutowireCapableBeanFactory.java:1457)
	at org.springframework.beans.factory.support.AbstractAutowireCapableBeanFactory.populateBean(AbstractAutowireCapableBeanFactory.java:1198)
	at org.springframework.beans.factory.support.AbstractAutowireCapableBeanFactory.doCreateBean(AbstractAutowireCapableBeanFactory.java:537)
	at org.springframework.beans.factory.support.AbstractAutowireCapableBeanFactory.createBean(AbstractAutowireCapableBeanFactory.java:475)
	at org.springframework.beans.factory.support.AbstractBeanFactory$1.getObject(AbstractBeanFactory.java:302)
	at org.springframework.beans.factory.support.DefaultSingletonBeanRegistry.getSingleton(DefaultSingletonBeanRegistry.java:228)
	at org.springframework.beans.factory.support.AbstractBeanFactory.doGetBean(AbstractBeanFactory.java:298)
	at org.springframework.beans.factory.support.AbstractBeanFactory.getBean(AbstractBeanFactory.java:198)
	at org.codehaus.groovy.grails.orm.support.TransactionManagerPostProcessor.initialize(TransactionManagerPostProcessor.java:74)
	at org.codehaus.groovy.grails.orm.support.TransactionManagerPostProcessor.setBeanFactory(TransactionManagerPostProcessor.java:52)
	at org.springframework.beans.factory.support.AbstractAutowireCapableBeanFactory.invokeAwareMethods(AbstractAutowireCapableBeanFactory.java:1573)
	at org.springframework.beans.factory.support.AbstractAutowireCapableBeanFactory.initializeBean(AbstractAutowireCapableBeanFactory.java:1541)
	at org.springframework.beans.factory.support.AbstractAutowireCapableBeanFactory.doCreateBean(AbstractAutowireCapableBeanFactory.java:539)
	at org.springframework.beans.factory.support.AbstractAutowireCapableBeanFactory.createBean(AbstractAutowireCapableBeanFactory.java:475)
	at org.springframework.beans.factory.support.AbstractBeanFactory$1.getObject(AbstractBeanFactory.java:302)
	at org.springframework.beans.factory.support.DefaultSingletonBeanRegistry.getSingleton(DefaultSingletonBeanRegistry.java:228)
	at org.springframework.beans.factory.support.AbstractBeanFactory.doGetBean(AbstractBeanFactory.java:298)
	at org.springframework.beans.factory.support.AbstractBeanFactory.getBean(AbstractBeanFactory.java:198)
	at org.springframework.context.support.PostProcessorRegistrationDelegate.registerBeanPostProcessors(PostProcessorRegistrationDelegate.java:199)
	at org.springframework.context.support.AbstractApplicationContext.registerBeanPostProcessors(AbstractApplicationContext.java:620)
	at org.springframework.context.support.AbstractApplicationContext.refresh(AbstractApplicationContext.java:467)
	at org.codehaus.groovy.grails.commons.spring.DefaultRuntimeSpringConfiguration.getApplicationContext(DefaultRuntimeSpringConfiguration.java:156)
	at org.codehaus.groovy.grails.commons.spring.GrailsRuntimeConfigurator.initializeContext(GrailsRuntimeConfigurator.java:188)
	at org.codehaus.groovy.grails.commons.spring.GrailsRuntimeConfigurator.configure(GrailsRuntimeConfigurator.java:168)
	at org.codehaus.groovy.grails.commons.spring.GrailsRuntimeConfigurator.configure(GrailsRuntimeConfigurator.java:127)
	at org.codehaus.groovy.grails.web.context.GrailsConfigUtils.configureWebApplicationContext(GrailsConfigUtils.java:126)
	at org.codehaus.groovy.grails.web.context.GrailsContextLoaderListener.initWebApplicationContext(GrailsContextLoaderListener.java:109)
	at org.springframework.web.context.ContextLoaderListener.contextInitialized(ContextLoaderListener.java:106)
	at org.apache.catalina.core.StandardContext.listenerStart(StandardContext.java:4992)
	at org.apache.catalina.core.StandardContext.startInternal(StandardContext.java:5490)
	at org.apache.catalina.util.LifecycleBase.start(LifecycleBase.java:150)
	at org.apache.catalina.core.ContainerBase$StartChild.call(ContainerBase.java:1575)
	at org.apache.catalina.core.ContainerBase$StartChild.call(ContainerBase.java:1565)
	at java.util.concurrent.FutureTask.run(FutureTask.java:262)
	at java.util.concurrent.ThreadPoolExecutor.runWorker(ThreadPoolExecutor.java:1145)
	at java.util.concurrent.ThreadPoolExecutor$Worker.run(ThreadPoolExecutor.java:615)
	at java.lang.Thread.run(Thread.java:745)
2016-08-27 11:39:59,083 [localhost-startStop-1] ERROR StackTrace  - Full Stack Trace:
com.mysql.jdbc.exceptions.jdbc4.MySQLSyntaxErrorException: Unknown database 'healthtech_dev'
	at com.mysql.jdbc.Util.handleNewInstance(Util.java:411)
	at com.mysql.jdbc.Util.getInstance(Util.java:386)
	at com.mysql.jdbc.SQLError.createSQLException(SQLError.java:1054)
	at com.mysql.jdbc.MysqlIO.checkErrorPacket(MysqlIO.java:4237)
	at com.mysql.jdbc.MysqlIO.checkErrorPacket(MysqlIO.java:4169)
	at com.mysql.jdbc.MysqlIO.checkErrorPacket(MysqlIO.java:928)
	at com.mysql.jdbc.MysqlIO.proceedHandshakeWithPluggableAuthentication(MysqlIO.java:1750)
	at com.mysql.jdbc.MysqlIO.doHandshake(MysqlIO.java:1290)
	at com.mysql.jdbc.ConnectionImpl.coreConnect(ConnectionImpl.java:2502)
	at com.mysql.jdbc.ConnectionImpl.connectOneTryOnly(ConnectionImpl.java:2535)
	at com.mysql.jdbc.ConnectionImpl.createNewIO(ConnectionImpl.java:2320)
	at com.mysql.jdbc.ConnectionImpl.<init>(ConnectionImpl.java:834)
	at com.mysql.jdbc.JDBC4Connection.<init>(JDBC4Connection.java:46)
	at com.mysql.jdbc.Util.handleNewInstance(Util.java:411)
	at com.mysql.jdbc.ConnectionImpl.getInstance(ConnectionImpl.java:416)
	at com.mysql.jdbc.NonRegisteringDriver.connect(NonRegisteringDriver.java:347)
	at java.util.concurrent.FutureTask.run(FutureTask.java:262)
	at java.util.concurrent.ThreadPoolExecutor.runWorker(ThreadPoolExecutor.java:1145)
	at java.util.concurrent.ThreadPoolExecutor$Worker.run(ThreadPoolExecutor.java:615)
	at java.lang.Thread.run(Thread.java:745)
2016-08-27 11:39:59,169 [localhost-startStop-1] ERROR StackTrace  - Full Stack Trace:
com.mysql.jdbc.exceptions.jdbc4.MySQLSyntaxErrorException: Unknown database 'healthtech_dev'
	at sun.reflect.NativeConstructorAccessorImpl.newInstance0(Native Method)
	at sun.reflect.NativeConstructorAccessorImpl.newInstance(NativeConstructorAccessorImpl.java:57)
	at sun.reflect.DelegatingConstructorAccessorImpl.newInstance(DelegatingConstructorAccessorImpl.java:45)
	at java.lang.reflect.Constructor.newInstance(Constructor.java:526)
	at org.springsource.loaded.ri.ReflectiveInterceptor.jlrConstructorNewInstance(ReflectiveInterceptor.java:1002)
	at com.mysql.jdbc.Util.handleNewInstance(Util.java:411)
	at com.mysql.jdbc.Util.getInstance(Util.java:386)
	at com.mysql.jdbc.SQLError.createSQLException(SQLError.java:1054)
	at com.mysql.jdbc.MysqlIO.checkErrorPacket(MysqlIO.java:4237)
	at com.mysql.jdbc.MysqlIO.checkErrorPacket(MysqlIO.java:4169)
	at com.mysql.jdbc.MysqlIO.checkErrorPacket(MysqlIO.java:928)
	at com.mysql.jdbc.MysqlIO.proceedHandshakeWithPluggableAuthentication(MysqlIO.java:1750)
	at com.mysql.jdbc.MysqlIO.doHandshake(MysqlIO.java:1290)
	at com.mysql.jdbc.ConnectionImpl.coreConnect(ConnectionImpl.java:2502)
	at com.mysql.jdbc.ConnectionImpl.connectOneTryOnly(ConnectionImpl.java:2535)
	at com.mysql.jdbc.ConnectionImpl.createNewIO(ConnectionImpl.java:2320)
	at com.mysql.jdbc.ConnectionImpl.<init>(ConnectionImpl.java:834)
	at com.mysql.jdbc.JDBC4Connection.<init>(JDBC4Connection.java:46)
	at sun.reflect.NativeConstructorAccessorImpl.newInstance0(Native Method)
	at sun.reflect.NativeConstructorAccessorImpl.newInstance(NativeConstructorAccessorImpl.java:57)
	at sun.reflect.DelegatingConstructorAccessorImpl.newInstance(DelegatingConstructorAccessorImpl.java:45)
	at java.lang.reflect.Constructor.newInstance(Constructor.java:526)
	at org.springsource.loaded.ri.ReflectiveInterceptor.jlrConstructorNewInstance(ReflectiveInterceptor.java:1002)
	at com.mysql.jdbc.Util.handleNewInstance(Util.java:411)
	at com.mysql.jdbc.ConnectionImpl.getInstance(ConnectionImpl.java:416)
	at com.mysql.jdbc.NonRegisteringDriver.connect(NonRegisteringDriver.java:347)
	at org.apache.tomcat.jdbc.pool.PooledConnection.connectUsingDriver(PooledConnection.java:278)
	at org.apache.tomcat.jdbc.pool.PooledConnection.connect(PooledConnection.java:182)
	at org.apache.tomcat.jdbc.pool.ConnectionPool.createConnection(ConnectionPool.java:701)
	at org.apache.tomcat.jdbc.pool.ConnectionPool.borrowConnection(ConnectionPool.java:635)
	at org.apache.tomcat.jdbc.pool.ConnectionPool.init(ConnectionPool.java:486)
	at org.apache.tomcat.jdbc.pool.ConnectionPool.<init>(ConnectionPool.java:144)
	at org.apache.tomcat.jdbc.pool.DataSourceProxy.pCreatePool(DataSourceProxy.java:116)
	at org.apache.tomcat.jdbc.pool.DataSourceProxy.createPool(DataSourceProxy.java:103)
	at org.apache.tomcat.jdbc.pool.DataSourceProxy.getConnection(DataSourceProxy.java:127)
	at org.springframework.jdbc.datasource.LazyConnectionDataSourceProxy.afterPropertiesSet(LazyConnectionDataSourceProxy.java:162)
	at org.springframework.beans.factory.support.AbstractAutowireCapableBeanFactory.invokeInitMethods(AbstractAutowireCapableBeanFactory.java:1613)
	at org.springframework.beans.factory.support.AbstractAutowireCapableBeanFactory.initializeBean(AbstractAutowireCapableBeanFactory.java:1550)
	at org.springframework.beans.factory.support.AbstractAutowireCapableBeanFactory.doCreateBean(AbstractAutowireCapableBeanFactory.java:539)
	at org.springframework.beans.factory.support.AbstractAutowireCapableBeanFactory.createBean(AbstractAutowireCapableBeanFactory.java:475)
	at org.springframework.beans.factory.support.AbstractBeanFactory$1.getObject(AbstractBeanFactory.java:302)
	at org.springframework.beans.factory.support.DefaultSingletonBeanRegistry.getSingleton(DefaultSingletonBeanRegistry.java:228)
	at org.springframework.beans.factory.support.AbstractBeanFactory.doGetBean(AbstractBeanFactory.java:298)
	at org.springframework.beans.factory.support.AbstractBeanFactory.getBean(AbstractBeanFactory.java:193)
	at org.springframework.beans.factory.support.BeanDefinitionValueResolver.resolveReference(BeanDefinitionValueResolver.java:328)
	at org.springframework.beans.factory.support.BeanDefinitionValueResolver.resolveValueIfNecessary(BeanDefinitionValueResolver.java:108)
	at org.springframework.beans.factory.support.ConstructorResolver.resolveConstructorArguments(ConstructorResolver.java:646)
	at org.springframework.beans.factory.support.ConstructorResolver.autowireConstructor(ConstructorResolver.java:140)
	at org.springframework.beans.factory.support.AbstractAutowireCapableBeanFactory.autowireConstructor(AbstractAutowireCapableBeanFactory.java:1115)
	at org.springframework.beans.factory.support.AbstractAutowireCapableBeanFactory.createBeanInstance(AbstractAutowireCapableBeanFactory.java:1018)
	at org.springframework.beans.factory.support.AbstractAutowireCapableBeanFactory.doCreateBean(AbstractAutowireCapableBeanFactory.java:504)
	at org.springframework.beans.factory.support.AbstractAutowireCapableBeanFactory.createBean(AbstractAutowireCapableBeanFactory.java:475)
	at org.springframework.beans.factory.support.AbstractBeanFactory$1.getObject(AbstractBeanFactory.java:302)
	at org.springframework.beans.factory.support.DefaultSingletonBeanRegistry.getSingleton(DefaultSingletonBeanRegistry.java:228)
	at org.springframework.beans.factory.support.AbstractBeanFactory.doGetBean(AbstractBeanFactory.java:298)
	at org.springframework.beans.factory.support.AbstractBeanFactory.getBean(AbstractBeanFactory.java:193)
	at org.springframework.beans.factory.support.BeanDefinitionValueResolver.resolveReference(BeanDefinitionValueResolver.java:328)
	at org.springframework.beans.factory.support.BeanDefinitionValueResolver.resolveValueIfNecessary(BeanDefinitionValueResolver.java:108)
	at org.springframework.beans.factory.support.AbstractAutowireCapableBeanFactory.applyPropertyValues(AbstractAutowireCapableBeanFactory.java:1457)
	at org.springframework.beans.factory.support.AbstractAutowireCapableBeanFactory.populateBean(AbstractAutowireCapableBeanFactory.java:1198)
	at org.springframework.beans.factory.support.AbstractAutowireCapableBeanFactory.doCreateBean(AbstractAutowireCapableBeanFactory.java:537)
	at org.springframework.beans.factory.support.AbstractAutowireCapableBeanFactory.createBean(AbstractAutowireCapableBeanFactory.java:475)
	at org.springframework.beans.factory.support.AbstractBeanFactory$1.getObject(AbstractBeanFactory.java:302)
	at org.springframework.beans.factory.support.DefaultSingletonBeanRegistry.getSingleton(DefaultSingletonBeanRegistry.java:228)
	at org.springframework.beans.factory.support.AbstractBeanFactory.doGetBean(AbstractBeanFactory.java:298)
	at org.springframework.beans.factory.support.AbstractBeanFactory.getBean(AbstractBeanFactory.java:193)
	at org.springframework.beans.factory.support.BeanDefinitionValueResolver.resolveReference(BeanDefinitionValueResolver.java:328)
	at org.springframework.beans.factory.support.BeanDefinitionValueResolver.resolveValueIfNecessary(BeanDefinitionValueResolver.java:108)
	at org.springframework.beans.factory.support.AbstractAutowireCapableBeanFactory.applyPropertyValues(AbstractAutowireCapableBeanFactory.java:1457)
	at org.springframework.beans.factory.support.AbstractAutowireCapableBeanFactory.populateBean(AbstractAutowireCapableBeanFactory.java:1198)
	at org.springframework.beans.factory.support.AbstractAutowireCapableBeanFactory.doCreateBean(AbstractAutowireCapableBeanFactory.java:537)
	at org.springframework.beans.factory.support.AbstractAutowireCapableBeanFactory.createBean(AbstractAutowireCapableBeanFactory.java:475)
	at org.springframework.beans.factory.support.AbstractBeanFactory$1.getObject(AbstractBeanFactory.java:302)
	at org.springframework.beans.factory.support.DefaultSingletonBeanRegistry.getSingleton(DefaultSingletonBeanRegistry.java:228)
	at org.springframework.beans.factory.support.AbstractBeanFactory.doGetBean(AbstractBeanFactory.java:298)
	at org.springframework.beans.factory.support.AbstractBeanFactory.getBean(AbstractBeanFactory.java:198)
	at org.codehaus.groovy.grails.orm.support.TransactionManagerPostProcessor.initialize(TransactionManagerPostProcessor.java:74)
	at org.codehaus.groovy.grails.orm.support.TransactionManagerPostProcessor.setBeanFactory(TransactionManagerPostProcessor.java:52)
	at org.springframework.beans.factory.support.AbstractAutowireCapableBeanFactory.invokeAwareMethods(AbstractAutowireCapableBeanFactory.java:1573)
	at org.springframework.beans.factory.support.AbstractAutowireCapableBeanFactory.initializeBean(AbstractAutowireCapableBeanFactory.java:1541)
	at org.springframework.beans.factory.support.AbstractAutowireCapableBeanFactory.doCreateBean(AbstractAutowireCapableBeanFactory.java:539)
	at org.springframework.beans.factory.support.AbstractAutowireCapableBeanFactory.createBean(AbstractAutowireCapableBeanFactory.java:475)
	at org.springframework.beans.factory.support.AbstractBeanFactory$1.getObject(AbstractBeanFactory.java:302)
	at org.springframework.beans.factory.support.DefaultSingletonBeanRegistry.getSingleton(DefaultSingletonBeanRegistry.java:228)
	at org.springframework.beans.factory.support.AbstractBeanFactory.doGetBean(AbstractBeanFactory.java:298)
	at org.springframework.beans.factory.support.AbstractBeanFactory.getBean(AbstractBeanFactory.java:198)
	at org.springframework.context.support.PostProcessorRegistrationDelegate.registerBeanPostProcessors(PostProcessorRegistrationDelegate.java:199)
	at org.springframework.context.support.AbstractApplicationContext.registerBeanPostProcessors(AbstractApplicationContext.java:620)
	at org.springframework.context.support.AbstractApplicationContext.refresh(AbstractApplicationContext.java:467)
	at org.codehaus.groovy.grails.commons.spring.DefaultRuntimeSpringConfiguration.getApplicationContext(DefaultRuntimeSpringConfiguration.java:156)
	at org.codehaus.groovy.grails.commons.spring.GrailsRuntimeConfigurator.initializeContext(GrailsRuntimeConfigurator.java:188)
	at org.codehaus.groovy.grails.commons.spring.GrailsRuntimeConfigurator.configure(GrailsRuntimeConfigurator.java:168)
	at org.codehaus.groovy.grails.commons.spring.GrailsRuntimeConfigurator.configure(GrailsRuntimeConfigurator.java:127)
	at org.codehaus.groovy.grails.web.context.GrailsConfigUtils.configureWebApplicationContext(GrailsConfigUtils.java:126)
	at org.codehaus.groovy.grails.web.context.GrailsContextLoaderListener.initWebApplicationContext(GrailsContextLoaderListener.java:109)
	at org.springframework.web.context.ContextLoaderListener.contextInitialized(ContextLoaderListener.java:106)
	at org.apache.catalina.core.StandardContext.listenerStart(StandardContext.java:4992)
	at org.apache.catalina.core.StandardContext.startInternal(StandardContext.java:5490)
	at org.apache.catalina.util.LifecycleBase.start(LifecycleBase.java:150)
	at org.apache.catalina.core.ContainerBase$StartChild.call(ContainerBase.java:1575)
	at org.apache.catalina.core.ContainerBase$StartChild.call(ContainerBase.java:1565)
	at java.util.concurrent.FutureTask.run(FutureTask.java:262)
	at java.util.concurrent.ThreadPoolExecutor.runWorker(ThreadPoolExecutor.java:1145)
	at java.util.concurrent.ThreadPoolExecutor$Worker.run(ThreadPoolExecutor.java:615)
	at java.lang.Thread.run(Thread.java:745)
2016-08-27 11:39:59,172 [localhost-startStop-1] ERROR StackTrace  - Full Stack Trace:
com.mysql.jdbc.exceptions.jdbc4.MySQLSyntaxErrorException: Unknown database 'healthtech_dev'
	at com.mysql.jdbc.Util.handleNewInstance(Util.java:411)
	at com.mysql.jdbc.Util.getInstance(Util.java:386)
	at com.mysql.jdbc.SQLError.createSQLException(SQLError.java:1054)
	at com.mysql.jdbc.MysqlIO.checkErrorPacket(MysqlIO.java:4237)
	at com.mysql.jdbc.MysqlIO.checkErrorPacket(MysqlIO.java:4169)
	at com.mysql.jdbc.MysqlIO.checkErrorPacket(MysqlIO.java:928)
	at com.mysql.jdbc.MysqlIO.proceedHandshakeWithPluggableAuthentication(MysqlIO.java:1750)
	at com.mysql.jdbc.MysqlIO.doHandshake(MysqlIO.java:1290)
	at com.mysql.jdbc.ConnectionImpl.coreConnect(ConnectionImpl.java:2502)
	at com.mysql.jdbc.ConnectionImpl.connectOneTryOnly(ConnectionImpl.java:2535)
	at com.mysql.jdbc.ConnectionImpl.createNewIO(ConnectionImpl.java:2320)
	at com.mysql.jdbc.ConnectionImpl.<init>(ConnectionImpl.java:834)
	at com.mysql.jdbc.JDBC4Connection.<init>(JDBC4Connection.java:46)
	at com.mysql.jdbc.Util.handleNewInstance(Util.java:411)
	at com.mysql.jdbc.ConnectionImpl.getInstance(ConnectionImpl.java:416)
	at com.mysql.jdbc.NonRegisteringDriver.connect(NonRegisteringDriver.java:347)
	at java.util.concurrent.FutureTask.run(FutureTask.java:262)
	at java.util.concurrent.ThreadPoolExecutor.runWorker(ThreadPoolExecutor.java:1145)
	at java.util.concurrent.ThreadPoolExecutor$Worker.run(ThreadPoolExecutor.java:615)
	at java.lang.Thread.run(Thread.java:745)
2016-08-27 11:39:59,842 [localhost-startStop-1] ERROR StackTrace  - Full Stack Trace:
com.mysql.jdbc.exceptions.jdbc4.MySQLSyntaxErrorException: Unknown database 'healthtech_dev'
	at sun.reflect.NativeConstructorAccessorImpl.newInstance0(Native Method)
	at sun.reflect.NativeConstructorAccessorImpl.newInstance(NativeConstructorAccessorImpl.java:57)
	at sun.reflect.DelegatingConstructorAccessorImpl.newInstance(DelegatingConstructorAccessorImpl.java:45)
	at java.lang.reflect.Constructor.newInstance(Constructor.java:526)
	at org.springsource.loaded.ri.ReflectiveInterceptor.jlrConstructorNewInstance(ReflectiveInterceptor.java:1002)
	at com.mysql.jdbc.Util.handleNewInstance(Util.java:411)
	at com.mysql.jdbc.Util.getInstance(Util.java:386)
	at com.mysql.jdbc.SQLError.createSQLException(SQLError.java:1054)
	at com.mysql.jdbc.MysqlIO.checkErrorPacket(MysqlIO.java:4237)
	at com.mysql.jdbc.MysqlIO.checkErrorPacket(MysqlIO.java:4169)
	at com.mysql.jdbc.MysqlIO.checkErrorPacket(MysqlIO.java:928)
	at com.mysql.jdbc.MysqlIO.proceedHandshakeWithPluggableAuthentication(MysqlIO.java:1750)
	at com.mysql.jdbc.MysqlIO.doHandshake(MysqlIO.java:1290)
	at com.mysql.jdbc.ConnectionImpl.coreConnect(ConnectionImpl.java:2502)
	at com.mysql.jdbc.ConnectionImpl.connectOneTryOnly(ConnectionImpl.java:2535)
	at com.mysql.jdbc.ConnectionImpl.createNewIO(ConnectionImpl.java:2320)
	at com.mysql.jdbc.ConnectionImpl.<init>(ConnectionImpl.java:834)
	at com.mysql.jdbc.JDBC4Connection.<init>(JDBC4Connection.java:46)
	at sun.reflect.NativeConstructorAccessorImpl.newInstance0(Native Method)
	at sun.reflect.NativeConstructorAccessorImpl.newInstance(NativeConstructorAccessorImpl.java:57)
	at sun.reflect.DelegatingConstructorAccessorImpl.newInstance(DelegatingConstructorAccessorImpl.java:45)
	at java.lang.reflect.Constructor.newInstance(Constructor.java:526)
	at org.springsource.loaded.ri.ReflectiveInterceptor.jlrConstructorNewInstance(ReflectiveInterceptor.java:1002)
	at com.mysql.jdbc.Util.handleNewInstance(Util.java:411)
	at com.mysql.jdbc.ConnectionImpl.getInstance(ConnectionImpl.java:416)
	at com.mysql.jdbc.NonRegisteringDriver.connect(NonRegisteringDriver.java:347)
	at org.apache.tomcat.jdbc.pool.PooledConnection.connectUsingDriver(PooledConnection.java:278)
	at org.apache.tomcat.jdbc.pool.PooledConnection.connect(PooledConnection.java:182)
	at org.apache.tomcat.jdbc.pool.ConnectionPool.createConnection(ConnectionPool.java:701)
	at org.apache.tomcat.jdbc.pool.ConnectionPool.borrowConnection(ConnectionPool.java:635)
	at org.apache.tomcat.jdbc.pool.ConnectionPool.init(ConnectionPool.java:486)
	at org.apache.tomcat.jdbc.pool.ConnectionPool.<init>(ConnectionPool.java:144)
	at org.apache.tomcat.jdbc.pool.DataSourceProxy.pCreatePool(DataSourceProxy.java:116)
	at org.apache.tomcat.jdbc.pool.DataSourceProxy.createPool(DataSourceProxy.java:103)
	at org.apache.tomcat.jdbc.pool.DataSourceProxy.getConnection(DataSourceProxy.java:127)
	at org.springframework.jdbc.datasource.LazyConnectionDataSourceProxy$LazyConnectionInvocationHandler.getTargetConnection(LazyConnectionDataSourceProxy.java:403)
	at org.springframework.jdbc.datasource.LazyConnectionDataSourceProxy$LazyConnectionInvocationHandler.invoke(LazyConnectionDataSourceProxy.java:376)
	at com.sun.proxy.$Proxy32.getMetaData(Unknown Source)
	at sun.reflect.NativeMethodAccessorImpl.invoke0(Native Method)
	at sun.reflect.NativeMethodAccessorImpl.invoke(NativeMethodAccessorImpl.java:57)
	at sun.reflect.DelegatingMethodAccessorImpl.invoke(DelegatingMethodAccessorImpl.java:43)
	at java.lang.reflect.Method.invoke(Method.java:606)
	at org.springsource.loaded.ri.ReflectiveInterceptor.jlrMethodInvoke(ReflectiveInterceptor.java:1270)
	at org.springframework.jdbc.datasource.TransactionAwareDataSourceProxy$TransactionAwareInvocationHandler.invoke(TransactionAwareDataSourceProxy.java:240)
	at com.sun.proxy.$Proxy32.getMetaData(Unknown Source)
	at org.hibernate.engine.jdbc.internal.JdbcServicesImpl.configure(JdbcServicesImpl.java:126)
	at org.hibernate.boot.registry.internal.StandardServiceRegistryImpl.configureService(StandardServiceRegistryImpl.java:111)
	at org.hibernate.service.internal.AbstractServiceRegistryImpl.initializeService(AbstractServiceRegistryImpl.java:234)
	at org.hibernate.service.internal.AbstractServiceRegistryImpl.getService(AbstractServiceRegistryImpl.java:206)
	at org.hibernate.cfg.Configuration.buildTypeRegistrations(Configuration.java:1885)
	at org.hibernate.cfg.Configuration.buildSessionFactory(Configuration.java:1843)
	at org.codehaus.groovy.grails.orm.hibernate.cfg.GrailsAnnotationConfiguration.buildSessionFactory(GrailsAnnotationConfiguration.java:372)
	at org.codehaus.groovy.grails.orm.hibernate.ConfigurableLocalSessionFactoryBean.doBuildSessionFactory(ConfigurableLocalSessionFactoryBean.java:479)
	at org.codehaus.groovy.grails.orm.hibernate.ConfigurableLocalSessionFactoryBean.buildSessionFactory(ConfigurableLocalSessionFactoryBean.java:473)
	at org.codehaus.groovy.grails.orm.hibernate.ConfigurableLocalSessionFactoryBean.afterPropertiesSet(ConfigurableLocalSessionFactoryBean.java:387)
	at org.springframework.beans.factory.support.AbstractAutowireCapableBeanFactory.invokeInitMethods(AbstractAutowireCapableBeanFactory.java:1613)
	at org.springframework.beans.factory.support.AbstractAutowireCapableBeanFactory.initializeBean(AbstractAutowireCapableBeanFactory.java:1550)
	at org.springframework.beans.factory.support.AbstractAutowireCapableBeanFactory.doCreateBean(AbstractAutowireCapableBeanFactory.java:539)
	at org.springframework.beans.factory.support.AbstractAutowireCapableBeanFactory.createBean(AbstractAutowireCapableBeanFactory.java:475)
	at org.springframework.beans.factory.support.AbstractBeanFactory$1.getObject(AbstractBeanFactory.java:302)
	at org.springframework.beans.factory.support.DefaultSingletonBeanRegistry.getSingleton(DefaultSingletonBeanRegistry.java:228)
	at org.springframework.beans.factory.support.AbstractBeanFactory.doGetBean(AbstractBeanFactory.java:298)
	at org.springframework.beans.factory.support.AbstractBeanFactory.getBean(AbstractBeanFactory.java:193)
	at org.springframework.beans.factory.support.BeanDefinitionValueResolver.resolveReference(BeanDefinitionValueResolver.java:328)
	at org.springframework.beans.factory.support.BeanDefinitionValueResolver.resolveValueIfNecessary(BeanDefinitionValueResolver.java:108)
	at org.springframework.beans.factory.support.AbstractAutowireCapableBeanFactory.applyPropertyValues(AbstractAutowireCapableBeanFactory.java:1457)
	at org.springframework.beans.factory.support.AbstractAutowireCapableBeanFactory.populateBean(AbstractAutowireCapableBeanFactory.java:1198)
	at org.springframework.beans.factory.support.AbstractAutowireCapableBeanFactory.doCreateBean(AbstractAutowireCapableBeanFactory.java:537)
	at org.springframework.beans.factory.support.AbstractAutowireCapableBeanFactory.createBean(AbstractAutowireCapableBeanFactory.java:475)
	at org.springframework.beans.factory.support.AbstractBeanFactory$1.getObject(AbstractBeanFactory.java:302)
	at org.springframework.beans.factory.support.DefaultSingletonBeanRegistry.getSingleton(DefaultSingletonBeanRegistry.java:228)
	at org.springframework.beans.factory.support.AbstractBeanFactory.doGetBean(AbstractBeanFactory.java:298)
	at org.springframework.beans.factory.support.AbstractBeanFactory.getBean(AbstractBeanFactory.java:198)
	at org.codehaus.groovy.grails.orm.support.TransactionManagerPostProcessor.initialize(TransactionManagerPostProcessor.java:74)
	at org.codehaus.groovy.grails.orm.support.TransactionManagerPostProcessor.setBeanFactory(TransactionManagerPostProcessor.java:52)
	at org.springframework.beans.factory.support.AbstractAutowireCapableBeanFactory.invokeAwareMethods(AbstractAutowireCapableBeanFactory.java:1573)
	at org.springframework.beans.factory.support.AbstractAutowireCapableBeanFactory.initializeBean(AbstractAutowireCapableBeanFactory.java:1541)
	at org.springframework.beans.factory.support.AbstractAutowireCapableBeanFactory.doCreateBean(AbstractAutowireCapableBeanFactory.java:539)
	at org.springframework.beans.factory.support.AbstractAutowireCapableBeanFactory.createBean(AbstractAutowireCapableBeanFactory.java:475)
	at org.springframework.beans.factory.support.AbstractBeanFactory$1.getObject(AbstractBeanFactory.java:302)
	at org.springframework.beans.factory.support.DefaultSingletonBeanRegistry.getSingleton(DefaultSingletonBeanRegistry.java:228)
	at org.springframework.beans.factory.support.AbstractBeanFactory.doGetBean(AbstractBeanFactory.java:298)
	at org.springframework.beans.factory.support.AbstractBeanFactory.getBean(AbstractBeanFactory.java:198)
	at org.springframework.context.support.PostProcessorRegistrationDelegate.registerBeanPostProcessors(PostProcessorRegistrationDelegate.java:199)
	at org.springframework.context.support.AbstractApplicationContext.registerBeanPostProcessors(AbstractApplicationContext.java:620)
	at org.springframework.context.support.AbstractApplicationContext.refresh(AbstractApplicationContext.java:467)
	at org.codehaus.groovy.grails.commons.spring.DefaultRuntimeSpringConfiguration.getApplicationContext(DefaultRuntimeSpringConfiguration.java:156)
	at org.codehaus.groovy.grails.commons.spring.GrailsRuntimeConfigurator.initializeContext(GrailsRuntimeConfigurator.java:188)
	at org.codehaus.groovy.grails.commons.spring.GrailsRuntimeConfigurator.configure(GrailsRuntimeConfigurator.java:168)
	at org.codehaus.groovy.grails.commons.spring.GrailsRuntimeConfigurator.configure(GrailsRuntimeConfigurator.java:127)
	at org.codehaus.groovy.grails.web.context.GrailsConfigUtils.configureWebApplicationContext(GrailsConfigUtils.java:126)
	at org.codehaus.groovy.grails.web.context.GrailsContextLoaderListener.initWebApplicationContext(GrailsContextLoaderListener.java:109)
	at org.springframework.web.context.ContextLoaderListener.contextInitialized(ContextLoaderListener.java:106)
	at org.apache.catalina.core.StandardContext.listenerStart(StandardContext.java:4992)
	at org.apache.catalina.core.StandardContext.startInternal(StandardContext.java:5490)
	at org.apache.catalina.util.LifecycleBase.start(LifecycleBase.java:150)
	at org.apache.catalina.core.ContainerBase$StartChild.call(ContainerBase.java:1575)
	at org.apache.catalina.core.ContainerBase$StartChild.call(ContainerBase.java:1565)
	at java.util.concurrent.FutureTask.run(FutureTask.java:262)
	at java.util.concurrent.ThreadPoolExecutor.runWorker(ThreadPoolExecutor.java:1145)
	at java.util.concurrent.ThreadPoolExecutor$Worker.run(ThreadPoolExecutor.java:615)
	at java.lang.Thread.run(Thread.java:745)
2016-08-27 11:39:59,843 [localhost-startStop-1] ERROR StackTrace  - Full Stack Trace:
com.mysql.jdbc.exceptions.jdbc4.MySQLSyntaxErrorException: Unknown database 'healthtech_dev'
	at com.mysql.jdbc.Util.handleNewInstance(Util.java:411)
	at com.mysql.jdbc.Util.getInstance(Util.java:386)
	at com.mysql.jdbc.SQLError.createSQLException(SQLError.java:1054)
	at com.mysql.jdbc.MysqlIO.checkErrorPacket(MysqlIO.java:4237)
	at com.mysql.jdbc.MysqlIO.checkErrorPacket(MysqlIO.java:4169)
	at com.mysql.jdbc.MysqlIO.checkErrorPacket(MysqlIO.java:928)
	at com.mysql.jdbc.MysqlIO.proceedHandshakeWithPluggableAuthentication(MysqlIO.java:1750)
	at com.mysql.jdbc.MysqlIO.doHandshake(MysqlIO.java:1290)
	at com.mysql.jdbc.ConnectionImpl.coreConnect(ConnectionImpl.java:2502)
	at com.mysql.jdbc.ConnectionImpl.connectOneTryOnly(ConnectionImpl.java:2535)
	at com.mysql.jdbc.ConnectionImpl.createNewIO(ConnectionImpl.java:2320)
	at com.mysql.jdbc.ConnectionImpl.<init>(ConnectionImpl.java:834)
	at com.mysql.jdbc.JDBC4Connection.<init>(JDBC4Connection.java:46)
	at com.mysql.jdbc.Util.handleNewInstance(Util.java:411)
	at com.mysql.jdbc.ConnectionImpl.getInstance(ConnectionImpl.java:416)
	at com.mysql.jdbc.NonRegisteringDriver.connect(NonRegisteringDriver.java:347)
	at java.util.concurrent.FutureTask.run(FutureTask.java:262)
	at java.util.concurrent.ThreadPoolExecutor.runWorker(ThreadPoolExecutor.java:1145)
	at java.util.concurrent.ThreadPoolExecutor$Worker.run(ThreadPoolExecutor.java:615)
	at java.lang.Thread.run(Thread.java:745)
2016-08-27 11:39:59,858 [localhost-startStop-1] ERROR StackTrace  - Full Stack Trace:
org.springframework.beans.factory.BeanCreationException: Error creating bean with name 'transactionManagerPostProcessor': Initialization of bean failed; nested exception is org.springframework.beans.factory.BeanCreationException: Error creating bean with name 'transactionManager': Cannot resolve reference to bean 'sessionFactory' while setting bean property 'sessionFactory'; nested exception is org.springframework.beans.factory.BeanCreationException: Error creating bean with name 'sessionFactory': Invocation of init method failed; nested exception is java.lang.NullPointerException
	at org.springframework.beans.factory.support.AbstractAutowireCapableBeanFactory.doCreateBean(AbstractAutowireCapableBeanFactory.java:547)
	at org.springframework.beans.factory.support.AbstractAutowireCapableBeanFactory.createBean(AbstractAutowireCapableBeanFactory.java:475)
	at org.springframework.beans.factory.support.AbstractBeanFactory$1.getObject(AbstractBeanFactory.java:302)
	at org.springframework.beans.factory.support.DefaultSingletonBeanRegistry.getSingleton(DefaultSingletonBeanRegistry.java:228)
	at org.springframework.beans.factory.support.AbstractBeanFactory.doGetBean(AbstractBeanFactory.java:298)
	at org.springframework.beans.factory.support.AbstractBeanFactory.getBean(AbstractBeanFactory.java:198)
	at org.springframework.context.support.PostProcessorRegistrationDelegate.registerBeanPostProcessors(PostProcessorRegistrationDelegate.java:199)
	at org.springframework.context.support.AbstractApplicationContext.registerBeanPostProcessors(AbstractApplicationContext.java:620)
	at org.springframework.context.support.AbstractApplicationContext.refresh(AbstractApplicationContext.java:467)
	at org.codehaus.groovy.grails.commons.spring.DefaultRuntimeSpringConfiguration.getApplicationContext(DefaultRuntimeSpringConfiguration.java:156)
	at org.codehaus.groovy.grails.commons.spring.GrailsRuntimeConfigurator.initializeContext(GrailsRuntimeConfigurator.java:188)
	at org.codehaus.groovy.grails.commons.spring.GrailsRuntimeConfigurator.configure(GrailsRuntimeConfigurator.java:168)
	at org.codehaus.groovy.grails.commons.spring.GrailsRuntimeConfigurator.configure(GrailsRuntimeConfigurator.java:127)
	at org.codehaus.groovy.grails.web.context.GrailsConfigUtils.configureWebApplicationContext(GrailsConfigUtils.java:126)
	at org.codehaus.groovy.grails.web.context.GrailsContextLoaderListener.initWebApplicationContext(GrailsContextLoaderListener.java:109)
	at org.springframework.web.context.ContextLoaderListener.contextInitialized(ContextLoaderListener.java:106)
	at org.apache.catalina.core.StandardContext.listenerStart(StandardContext.java:4992)
	at org.apache.catalina.core.StandardContext.startInternal(StandardContext.java:5490)
	at org.apache.catalina.util.LifecycleBase.start(LifecycleBase.java:150)
	at org.apache.catalina.core.ContainerBase$StartChild.call(ContainerBase.java:1575)
	at org.apache.catalina.core.ContainerBase$StartChild.call(ContainerBase.java:1565)
	at java.util.concurrent.FutureTask.run(FutureTask.java:262)
	at java.util.concurrent.ThreadPoolExecutor.runWorker(ThreadPoolExecutor.java:1145)
	at java.util.concurrent.ThreadPoolExecutor$Worker.run(ThreadPoolExecutor.java:615)
	at java.lang.Thread.run(Thread.java:745)
Caused by: org.springframework.beans.factory.BeanCreationException: Error creating bean with name 'transactionManager': Cannot resolve reference to bean 'sessionFactory' while setting bean property 'sessionFactory'; nested exception is org.springframework.beans.factory.BeanCreationException: Error creating bean with name 'sessionFactory': Invocation of init method failed; nested exception is java.lang.NullPointerException
	at org.springframework.beans.factory.support.BeanDefinitionValueResolver.resolveReference(BeanDefinitionValueResolver.java:336)
	at org.springframework.beans.factory.support.BeanDefinitionValueResolver.resolveValueIfNecessary(BeanDefinitionValueResolver.java:108)
	at org.springframework.beans.factory.support.AbstractAutowireCapableBeanFactory.applyPropertyValues(AbstractAutowireCapableBeanFactory.java:1457)
	at org.springframework.beans.factory.support.AbstractAutowireCapableBeanFactory.populateBean(AbstractAutowireCapableBeanFactory.java:1198)
	at org.springframework.beans.factory.support.AbstractAutowireCapableBeanFactory.doCreateBean(AbstractAutowireCapableBeanFactory.java:537)
	at org.springframework.beans.factory.support.AbstractAutowireCapableBeanFactory.createBean(AbstractAutowireCapableBeanFactory.java:475)
	at org.springframework.beans.factory.support.AbstractBeanFactory$1.getObject(AbstractBeanFactory.java:302)
	at org.springframework.beans.factory.support.DefaultSingletonBeanRegistry.getSingleton(DefaultSingletonBeanRegistry.java:228)
	at org.springframework.beans.factory.support.AbstractBeanFactory.doGetBean(AbstractBeanFactory.java:298)
	at org.springframework.beans.factory.support.AbstractBeanFactory.getBean(AbstractBeanFactory.java:198)
	at org.codehaus.groovy.grails.orm.support.TransactionManagerPostProcessor.initialize(TransactionManagerPostProcessor.java:74)
	at org.codehaus.groovy.grails.orm.support.TransactionManagerPostProcessor.setBeanFactory(TransactionManagerPostProcessor.java:52)
	at org.springframework.beans.factory.support.AbstractAutowireCapableBeanFactory.invokeAwareMethods(AbstractAutowireCapableBeanFactory.java:1573)
	at org.springframework.beans.factory.support.AbstractAutowireCapableBeanFactory.initializeBean(AbstractAutowireCapableBeanFactory.java:1541)
	at org.springframework.beans.factory.support.AbstractAutowireCapableBeanFactory.doCreateBean(AbstractAutowireCapableBeanFactory.java:539)
	... 24 more
Caused by: org.springframework.beans.factory.BeanCreationException: Error creating bean with name 'sessionFactory': Invocation of init method failed; nested exception is java.lang.NullPointerException
	at org.springframework.beans.factory.support.AbstractAutowireCapableBeanFactory.initializeBean(AbstractAutowireCapableBeanFactory.java:1554)
	at org.springframework.beans.factory.support.AbstractAutowireCapableBeanFactory.doCreateBean(AbstractAutowireCapableBeanFactory.java:539)
	at org.springframework.beans.factory.support.AbstractAutowireCapableBeanFactory.createBean(AbstractAutowireCapableBeanFactory.java:475)
	at org.springframework.beans.factory.support.AbstractBeanFactory$1.getObject(AbstractBeanFactory.java:302)
	at org.springframework.beans.factory.support.DefaultSingletonBeanRegistry.getSingleton(DefaultSingletonBeanRegistry.java:228)
	at org.springframework.beans.factory.support.AbstractBeanFactory.doGetBean(AbstractBeanFactory.java:298)
	at org.springframework.beans.factory.support.AbstractBeanFactory.getBean(AbstractBeanFactory.java:193)
	at org.springframework.beans.factory.support.BeanDefinitionValueResolver.resolveReference(BeanDefinitionValueResolver.java:328)
	... 38 more
Caused by: java.lang.NullPointerException
	at org.hibernate.engine.jdbc.internal.JdbcServicesImpl.configure(JdbcServicesImpl.java:244)
	at org.hibernate.boot.registry.internal.StandardServiceRegistryImpl.configureService(StandardServiceRegistryImpl.java:111)
	at org.hibernate.service.internal.AbstractServiceRegistryImpl.initializeService(AbstractServiceRegistryImpl.java:234)
	at org.hibernate.service.internal.AbstractServiceRegistryImpl.getService(AbstractServiceRegistryImpl.java:206)
	at org.hibernate.cfg.Configuration.buildTypeRegistrations(Configuration.java:1885)
	at org.hibernate.cfg.Configuration.buildSessionFactory(Configuration.java:1843)
	at org.codehaus.groovy.grails.orm.hibernate.cfg.GrailsAnnotationConfiguration.buildSessionFactory(GrailsAnnotationConfiguration.java:372)
	at org.codehaus.groovy.grails.orm.hibernate.ConfigurableLocalSessionFactoryBean.doBuildSessionFactory(ConfigurableLocalSessionFactoryBean.java:479)
	at org.codehaus.groovy.grails.orm.hibernate.ConfigurableLocalSessionFactoryBean.buildSessionFactory(ConfigurableLocalSessionFactoryBean.java:473)
	at org.codehaus.groovy.grails.orm.hibernate.ConfigurableLocalSessionFactoryBean.afterPropertiesSet(ConfigurableLocalSessionFactoryBean.java:387)
	at org.springframework.beans.factory.support.AbstractAutowireCapableBeanFactory.invokeInitMethods(AbstractAutowireCapableBeanFactory.java:1613)
	at org.springframework.beans.factory.support.AbstractAutowireCapableBeanFactory.initializeBean(AbstractAutowireCapableBeanFactory.java:1550)
	... 45 more
2016-08-27 11:39:59,860 [localhost-startStop-1] ERROR StackTrace  - Full Stack Trace:
org.springframework.beans.factory.BeanCreationException: Error creating bean with name 'transactionManager': Cannot resolve reference to bean 'sessionFactory' while setting bean property 'sessionFactory'; nested exception is org.springframework.beans.factory.BeanCreationException: Error creating bean with name 'sessionFactory': Invocation of init method failed; nested exception is java.lang.NullPointerException
	at org.springframework.beans.factory.support.BeanDefinitionValueResolver.resolveReference(BeanDefinitionValueResolver.java:336)
	at org.springframework.beans.factory.support.BeanDefinitionValueResolver.resolveValueIfNecessary(BeanDefinitionValueResolver.java:108)
	at org.springframework.beans.factory.support.AbstractAutowireCapableBeanFactory.applyPropertyValues(AbstractAutowireCapableBeanFactory.java:1457)
	at org.springframework.beans.factory.support.AbstractAutowireCapableBeanFactory.populateBean(AbstractAutowireCapableBeanFactory.java:1198)
	at org.springframework.beans.factory.support.AbstractAutowireCapableBeanFactory.doCreateBean(AbstractAutowireCapableBeanFactory.java:537)
	at org.springframework.beans.factory.support.AbstractAutowireCapableBeanFactory.createBean(AbstractAutowireCapableBeanFactory.java:475)
	at org.springframework.beans.factory.support.AbstractBeanFactory$1.getObject(AbstractBeanFactory.java:302)
	at org.springframework.beans.factory.support.DefaultSingletonBeanRegistry.getSingleton(DefaultSingletonBeanRegistry.java:228)
	at org.springframework.beans.factory.support.AbstractBeanFactory.doGetBean(AbstractBeanFactory.java:298)
	at org.springframework.beans.factory.support.AbstractBeanFactory.getBean(AbstractBeanFactory.java:198)
	at org.codehaus.groovy.grails.orm.support.TransactionManagerPostProcessor.initialize(TransactionManagerPostProcessor.java:74)
	at org.codehaus.groovy.grails.orm.support.TransactionManagerPostProcessor.setBeanFactory(TransactionManagerPostProcessor.java:52)
	at org.springframework.beans.factory.support.AbstractAutowireCapableBeanFactory.invokeAwareMethods(AbstractAutowireCapableBeanFactory.java:1573)
	at org.springframework.beans.factory.support.AbstractAutowireCapableBeanFactory.initializeBean(AbstractAutowireCapableBeanFactory.java:1541)
	at org.springframework.beans.factory.support.AbstractAutowireCapableBeanFactory.doCreateBean(AbstractAutowireCapableBeanFactory.java:539)
	at org.springframework.beans.factory.support.AbstractAutowireCapableBeanFactory.createBean(AbstractAutowireCapableBeanFactory.java:475)
	at org.springframework.beans.factory.support.AbstractBeanFactory$1.getObject(AbstractBeanFactory.java:302)
	at org.springframework.beans.factory.support.DefaultSingletonBeanRegistry.getSingleton(DefaultSingletonBeanRegistry.java:228)
	at org.springframework.beans.factory.support.AbstractBeanFactory.doGetBean(AbstractBeanFactory.java:298)
	at org.springframework.beans.factory.support.AbstractBeanFactory.getBean(AbstractBeanFactory.java:198)
	at org.springframework.context.support.PostProcessorRegistrationDelegate.registerBeanPostProcessors(PostProcessorRegistrationDelegate.java:199)
	at org.springframework.context.support.AbstractApplicationContext.registerBeanPostProcessors(AbstractApplicationContext.java:620)
	at org.springframework.context.support.AbstractApplicationContext.refresh(AbstractApplicationContext.java:467)
	at org.codehaus.groovy.grails.commons.spring.DefaultRuntimeSpringConfiguration.getApplicationContext(DefaultRuntimeSpringConfiguration.java:156)
	at org.codehaus.groovy.grails.commons.spring.GrailsRuntimeConfigurator.initializeContext(GrailsRuntimeConfigurator.java:188)
	at org.codehaus.groovy.grails.commons.spring.GrailsRuntimeConfigurator.configure(GrailsRuntimeConfigurator.java:168)
	at org.codehaus.groovy.grails.commons.spring.GrailsRuntimeConfigurator.configure(GrailsRuntimeConfigurator.java:127)
	at org.codehaus.groovy.grails.web.context.GrailsConfigUtils.configureWebApplicationContext(GrailsConfigUtils.java:126)
	at org.codehaus.groovy.grails.web.context.GrailsContextLoaderListener.initWebApplicationContext(GrailsContextLoaderListener.java:109)
	at org.springframework.web.context.ContextLoaderListener.contextInitialized(ContextLoaderListener.java:106)
	at org.apache.catalina.core.StandardContext.listenerStart(StandardContext.java:4992)
	at org.apache.catalina.core.StandardContext.startInternal(StandardContext.java:5490)
	at org.apache.catalina.util.LifecycleBase.start(LifecycleBase.java:150)
	at org.apache.catalina.core.ContainerBase$StartChild.call(ContainerBase.java:1575)
	at org.apache.catalina.core.ContainerBase$StartChild.call(ContainerBase.java:1565)
	at java.util.concurrent.FutureTask.run(FutureTask.java:262)
	at java.util.concurrent.ThreadPoolExecutor.runWorker(ThreadPoolExecutor.java:1145)
	at java.util.concurrent.ThreadPoolExecutor$Worker.run(ThreadPoolExecutor.java:615)
	at java.lang.Thread.run(Thread.java:745)
Caused by: org.springframework.beans.factory.BeanCreationException: Error creating bean with name 'sessionFactory': Invocation of init method failed; nested exception is java.lang.NullPointerException
	at org.springframework.beans.factory.support.AbstractAutowireCapableBeanFactory.initializeBean(AbstractAutowireCapableBeanFactory.java:1554)
	at org.springframework.beans.factory.support.AbstractAutowireCapableBeanFactory.doCreateBean(AbstractAutowireCapableBeanFactory.java:539)
	at org.springframework.beans.factory.support.AbstractAutowireCapableBeanFactory.createBean(AbstractAutowireCapableBeanFactory.java:475)
	at org.springframework.beans.factory.support.AbstractBeanFactory$1.getObject(AbstractBeanFactory.java:302)
	at org.springframework.beans.factory.support.DefaultSingletonBeanRegistry.getSingleton(DefaultSingletonBeanRegistry.java:228)
	at org.springframework.beans.factory.support.AbstractBeanFactory.doGetBean(AbstractBeanFactory.java:298)
	at org.springframework.beans.factory.support.AbstractBeanFactory.getBean(AbstractBeanFactory.java:193)
	at org.springframework.beans.factory.support.BeanDefinitionValueResolver.resolveReference(BeanDefinitionValueResolver.java:328)
	... 38 more
Caused by: java.lang.NullPointerException
	at org.hibernate.engine.jdbc.internal.JdbcServicesImpl.configure(JdbcServicesImpl.java:244)
	at org.hibernate.boot.registry.internal.StandardServiceRegistryImpl.configureService(StandardServiceRegistryImpl.java:111)
	at org.hibernate.service.internal.AbstractServiceRegistryImpl.initializeService(AbstractServiceRegistryImpl.java:234)
	at org.hibernate.service.internal.AbstractServiceRegistryImpl.getService(AbstractServiceRegistryImpl.java:206)
	at org.hibernate.cfg.Configuration.buildTypeRegistrations(Configuration.java:1885)
	at org.hibernate.cfg.Configuration.buildSessionFactory(Configuration.java:1843)
	at org.codehaus.groovy.grails.orm.hibernate.cfg.GrailsAnnotationConfiguration.buildSessionFactory(GrailsAnnotationConfiguration.java:372)
	at org.codehaus.groovy.grails.orm.hibernate.ConfigurableLocalSessionFactoryBean.doBuildSessionFactory(ConfigurableLocalSessionFactoryBean.java:479)
	at org.codehaus.groovy.grails.orm.hibernate.ConfigurableLocalSessionFactoryBean.buildSessionFactory(ConfigurableLocalSessionFactoryBean.java:473)
	at org.codehaus.groovy.grails.orm.hibernate.ConfigurableLocalSessionFactoryBean.afterPropertiesSet(ConfigurableLocalSessionFactoryBean.java:387)
	at org.springframework.beans.factory.support.AbstractAutowireCapableBeanFactory.invokeInitMethods(AbstractAutowireCapableBeanFactory.java:1613)
	at org.springframework.beans.factory.support.AbstractAutowireCapableBeanFactory.initializeBean(AbstractAutowireCapableBeanFactory.java:1550)
	... 45 more
2016-08-27 11:39:59,860 [localhost-startStop-1] ERROR StackTrace  - Full Stack Trace:
org.springframework.beans.factory.BeanCreationException: Error creating bean with name 'sessionFactory': Invocation of init method failed; nested exception is java.lang.NullPointerException
	at org.springframework.beans.factory.support.AbstractAutowireCapableBeanFactory.initializeBean(AbstractAutowireCapableBeanFactory.java:1554)
	at org.springframework.beans.factory.support.AbstractAutowireCapableBeanFactory.doCreateBean(AbstractAutowireCapableBeanFactory.java:539)
	at org.springframework.beans.factory.support.AbstractAutowireCapableBeanFactory.createBean(AbstractAutowireCapableBeanFactory.java:475)
	at org.springframework.beans.factory.support.AbstractBeanFactory$1.getObject(AbstractBeanFactory.java:302)
	at org.springframework.beans.factory.support.DefaultSingletonBeanRegistry.getSingleton(DefaultSingletonBeanRegistry.java:228)
	at org.springframework.beans.factory.support.AbstractBeanFactory.doGetBean(AbstractBeanFactory.java:298)
	at org.springframework.beans.factory.support.AbstractBeanFactory.getBean(AbstractBeanFactory.java:193)
	at org.springframework.beans.factory.support.BeanDefinitionValueResolver.resolveReference(BeanDefinitionValueResolver.java:328)
	at org.springframework.beans.factory.support.BeanDefinitionValueResolver.resolveValueIfNecessary(BeanDefinitionValueResolver.java:108)
	at org.springframework.beans.factory.support.AbstractAutowireCapableBeanFactory.applyPropertyValues(AbstractAutowireCapableBeanFactory.java:1457)
	at org.springframework.beans.factory.support.AbstractAutowireCapableBeanFactory.populateBean(AbstractAutowireCapableBeanFactory.java:1198)
	at org.springframework.beans.factory.support.AbstractAutowireCapableBeanFactory.doCreateBean(AbstractAutowireCapableBeanFactory.java:537)
	at org.springframework.beans.factory.support.AbstractAutowireCapableBeanFactory.createBean(AbstractAutowireCapableBeanFactory.java:475)
	at org.springframework.beans.factory.support.AbstractBeanFactory$1.getObject(AbstractBeanFactory.java:302)
	at org.springframework.beans.factory.support.DefaultSingletonBeanRegistry.getSingleton(DefaultSingletonBeanRegistry.java:228)
	at org.springframework.beans.factory.support.AbstractBeanFactory.doGetBean(AbstractBeanFactory.java:298)
	at org.springframework.beans.factory.support.AbstractBeanFactory.getBean(AbstractBeanFactory.java:198)
	at org.codehaus.groovy.grails.orm.support.TransactionManagerPostProcessor.initialize(TransactionManagerPostProcessor.java:74)
	at org.codehaus.groovy.grails.orm.support.TransactionManagerPostProcessor.setBeanFactory(TransactionManagerPostProcessor.java:52)
	at org.springframework.beans.factory.support.AbstractAutowireCapableBeanFactory.invokeAwareMethods(AbstractAutowireCapableBeanFactory.java:1573)
	at org.springframework.beans.factory.support.AbstractAutowireCapableBeanFactory.initializeBean(AbstractAutowireCapableBeanFactory.java:1541)
	at org.springframework.beans.factory.support.AbstractAutowireCapableBeanFactory.doCreateBean(AbstractAutowireCapableBeanFactory.java:539)
	at org.springframework.beans.factory.support.AbstractAutowireCapableBeanFactory.createBean(AbstractAutowireCapableBeanFactory.java:475)
	at org.springframework.beans.factory.support.AbstractBeanFactory$1.getObject(AbstractBeanFactory.java:302)
	at org.springframework.beans.factory.support.DefaultSingletonBeanRegistry.getSingleton(DefaultSingletonBeanRegistry.java:228)
	at org.springframework.beans.factory.support.AbstractBeanFactory.doGetBean(AbstractBeanFactory.java:298)
	at org.springframework.beans.factory.support.AbstractBeanFactory.getBean(AbstractBeanFactory.java:198)
	at org.springframework.context.support.PostProcessorRegistrationDelegate.registerBeanPostProcessors(PostProcessorRegistrationDelegate.java:199)
	at org.springframework.context.support.AbstractApplicationContext.registerBeanPostProcessors(AbstractApplicationContext.java:620)
	at org.springframework.context.support.AbstractApplicationContext.refresh(AbstractApplicationContext.java:467)
	at org.codehaus.groovy.grails.commons.spring.DefaultRuntimeSpringConfiguration.getApplicationContext(DefaultRuntimeSpringConfiguration.java:156)
	at org.codehaus.groovy.grails.commons.spring.GrailsRuntimeConfigurator.initializeContext(GrailsRuntimeConfigurator.java:188)
	at org.codehaus.groovy.grails.commons.spring.GrailsRuntimeConfigurator.configure(GrailsRuntimeConfigurator.java:168)
	at org.codehaus.groovy.grails.commons.spring.GrailsRuntimeConfigurator.configure(GrailsRuntimeConfigurator.java:127)
	at org.codehaus.groovy.grails.web.context.GrailsConfigUtils.configureWebApplicationContext(GrailsConfigUtils.java:126)
	at org.codehaus.groovy.grails.web.context.GrailsContextLoaderListener.initWebApplicationContext(GrailsContextLoaderListener.java:109)
	at org.springframework.web.context.ContextLoaderListener.contextInitialized(ContextLoaderListener.java:106)
	at org.apache.catalina.core.StandardContext.listenerStart(StandardContext.java:4992)
	at org.apache.catalina.core.StandardContext.startInternal(StandardContext.java:5490)
	at org.apache.catalina.util.LifecycleBase.start(LifecycleBase.java:150)
	at org.apache.catalina.core.ContainerBase$StartChild.call(ContainerBase.java:1575)
	at org.apache.catalina.core.ContainerBase$StartChild.call(ContainerBase.java:1565)
	at java.util.concurrent.FutureTask.run(FutureTask.java:262)
	at java.util.concurrent.ThreadPoolExecutor.runWorker(ThreadPoolExecutor.java:1145)
	at java.util.concurrent.ThreadPoolExecutor$Worker.run(ThreadPoolExecutor.java:615)
	at java.lang.Thread.run(Thread.java:745)
Caused by: java.lang.NullPointerException
	at org.hibernate.engine.jdbc.internal.JdbcServicesImpl.configure(JdbcServicesImpl.java:244)
	at org.hibernate.boot.registry.internal.StandardServiceRegistryImpl.configureService(StandardServiceRegistryImpl.java:111)
	at org.hibernate.service.internal.AbstractServiceRegistryImpl.initializeService(AbstractServiceRegistryImpl.java:234)
	at org.hibernate.service.internal.AbstractServiceRegistryImpl.getService(AbstractServiceRegistryImpl.java:206)
	at org.hibernate.cfg.Configuration.buildTypeRegistrations(Configuration.java:1885)
	at org.hibernate.cfg.Configuration.buildSessionFactory(Configuration.java:1843)
	at org.codehaus.groovy.grails.orm.hibernate.cfg.GrailsAnnotationConfiguration.buildSessionFactory(GrailsAnnotationConfiguration.java:372)
	at org.codehaus.groovy.grails.orm.hibernate.ConfigurableLocalSessionFactoryBean.doBuildSessionFactory(ConfigurableLocalSessionFactoryBean.java:479)
	at org.codehaus.groovy.grails.orm.hibernate.ConfigurableLocalSessionFactoryBean.buildSessionFactory(ConfigurableLocalSessionFactoryBean.java:473)
	at org.codehaus.groovy.grails.orm.hibernate.ConfigurableLocalSessionFactoryBean.afterPropertiesSet(ConfigurableLocalSessionFactoryBean.java:387)
	at org.springframework.beans.factory.support.AbstractAutowireCapableBeanFactory.invokeInitMethods(AbstractAutowireCapableBeanFactory.java:1613)
	at org.springframework.beans.factory.support.AbstractAutowireCapableBeanFactory.initializeBean(AbstractAutowireCapableBeanFactory.java:1550)
	... 45 more
2016-08-27 11:39:59,861 [localhost-startStop-1] ERROR StackTrace  - Full Stack Trace:
java.lang.NullPointerException
	at org.hibernate.engine.jdbc.internal.JdbcServicesImpl.configure(JdbcServicesImpl.java:244)
	at org.hibernate.boot.registry.internal.StandardServiceRegistryImpl.configureService(StandardServiceRegistryImpl.java:111)
	at org.hibernate.service.internal.AbstractServiceRegistryImpl.initializeService(AbstractServiceRegistryImpl.java:234)
	at org.hibernate.service.internal.AbstractServiceRegistryImpl.getService(AbstractServiceRegistryImpl.java:206)
	at org.hibernate.cfg.Configuration.buildTypeRegistrations(Configuration.java:1885)
	at org.hibernate.cfg.Configuration.buildSessionFactory(Configuration.java:1843)
	at org.codehaus.groovy.grails.orm.hibernate.cfg.GrailsAnnotationConfiguration.buildSessionFactory(GrailsAnnotationConfiguration.java:372)
	at org.codehaus.groovy.grails.orm.hibernate.ConfigurableLocalSessionFactoryBean.doBuildSessionFactory(ConfigurableLocalSessionFactoryBean.java:479)
	at org.codehaus.groovy.grails.orm.hibernate.ConfigurableLocalSessionFactoryBean.buildSessionFactory(ConfigurableLocalSessionFactoryBean.java:473)
	at org.codehaus.groovy.grails.orm.hibernate.ConfigurableLocalSessionFactoryBean.afterPropertiesSet(ConfigurableLocalSessionFactoryBean.java:387)
	at org.springframework.beans.factory.support.AbstractAutowireCapableBeanFactory.invokeInitMethods(AbstractAutowireCapableBeanFactory.java:1613)
	at org.springframework.beans.factory.support.AbstractAutowireCapableBeanFactory.initializeBean(AbstractAutowireCapableBeanFactory.java:1550)
	at org.springframework.beans.factory.support.AbstractAutowireCapableBeanFactory.doCreateBean(AbstractAutowireCapableBeanFactory.java:539)
	at org.springframework.beans.factory.support.AbstractAutowireCapableBeanFactory.createBean(AbstractAutowireCapableBeanFactory.java:475)
	at org.springframework.beans.factory.support.AbstractBeanFactory$1.getObject(AbstractBeanFactory.java:302)
	at org.springframework.beans.factory.support.DefaultSingletonBeanRegistry.getSingleton(DefaultSingletonBeanRegistry.java:228)
	at org.springframework.beans.factory.support.AbstractBeanFactory.doGetBean(AbstractBeanFactory.java:298)
	at org.springframework.beans.factory.support.AbstractBeanFactory.getBean(AbstractBeanFactory.java:193)
	at org.springframework.beans.factory.support.BeanDefinitionValueResolver.resolveReference(BeanDefinitionValueResolver.java:328)
	at org.springframework.beans.factory.support.BeanDefinitionValueResolver.resolveValueIfNecessary(BeanDefinitionValueResolver.java:108)
	at org.springframework.beans.factory.support.AbstractAutowireCapableBeanFactory.applyPropertyValues(AbstractAutowireCapableBeanFactory.java:1457)
	at org.springframework.beans.factory.support.AbstractAutowireCapableBeanFactory.populateBean(AbstractAutowireCapableBeanFactory.java:1198)
	at org.springframework.beans.factory.support.AbstractAutowireCapableBeanFactory.doCreateBean(AbstractAutowireCapableBeanFactory.java:537)
	at org.springframework.beans.factory.support.AbstractAutowireCapableBeanFactory.createBean(AbstractAutowireCapableBeanFactory.java:475)
	at org.springframework.beans.factory.support.AbstractBeanFactory$1.getObject(AbstractBeanFactory.java:302)
	at org.springframework.beans.factory.support.DefaultSingletonBeanRegistry.getSingleton(DefaultSingletonBeanRegistry.java:228)
	at org.springframework.beans.factory.support.AbstractBeanFactory.doGetBean(AbstractBeanFactory.java:298)
	at org.springframework.beans.factory.support.AbstractBeanFactory.getBean(AbstractBeanFactory.java:198)
	at org.codehaus.groovy.grails.orm.support.TransactionManagerPostProcessor.initialize(TransactionManagerPostProcessor.java:74)
	at org.codehaus.groovy.grails.orm.support.TransactionManagerPostProcessor.setBeanFactory(TransactionManagerPostProcessor.java:52)
	at org.springframework.beans.factory.support.AbstractAutowireCapableBeanFactory.invokeAwareMethods(AbstractAutowireCapableBeanFactory.java:1573)
	at org.springframework.beans.factory.support.AbstractAutowireCapableBeanFactory.initializeBean(AbstractAutowireCapableBeanFactory.java:1541)
	at org.springframework.beans.factory.support.AbstractAutowireCapableBeanFactory.doCreateBean(AbstractAutowireCapableBeanFactory.java:539)
	at org.springframework.beans.factory.support.AbstractAutowireCapableBeanFactory.createBean(AbstractAutowireCapableBeanFactory.java:475)
	at org.springframework.beans.factory.support.AbstractBeanFactory$1.getObject(AbstractBeanFactory.java:302)
	at org.springframework.beans.factory.support.DefaultSingletonBeanRegistry.getSingleton(DefaultSingletonBeanRegistry.java:228)
	at org.springframework.beans.factory.support.AbstractBeanFactory.doGetBean(AbstractBeanFactory.java:298)
	at org.springframework.beans.factory.support.AbstractBeanFactory.getBean(AbstractBeanFactory.java:198)
	at org.springframework.context.support.PostProcessorRegistrationDelegate.registerBeanPostProcessors(PostProcessorRegistrationDelegate.java:199)
	at org.springframework.context.support.AbstractApplicationContext.registerBeanPostProcessors(AbstractApplicationContext.java:620)
	at org.springframework.context.support.AbstractApplicationContext.refresh(AbstractApplicationContext.java:467)
	at org.codehaus.groovy.grails.commons.spring.DefaultRuntimeSpringConfiguration.getApplicationContext(DefaultRuntimeSpringConfiguration.java:156)
	at org.codehaus.groovy.grails.commons.spring.GrailsRuntimeConfigurator.initializeContext(GrailsRuntimeConfigurator.java:188)
	at org.codehaus.groovy.grails.commons.spring.GrailsRuntimeConfigurator.configure(GrailsRuntimeConfigurator.java:168)
	at org.codehaus.groovy.grails.commons.spring.GrailsRuntimeConfigurator.configure(GrailsRuntimeConfigurator.java:127)
	at org.codehaus.groovy.grails.web.context.GrailsConfigUtils.configureWebApplicationContext(GrailsConfigUtils.java:126)
	at org.codehaus.groovy.grails.web.context.GrailsContextLoaderListener.initWebApplicationContext(GrailsContextLoaderListener.java:109)
	at org.springframework.web.context.ContextLoaderListener.contextInitialized(ContextLoaderListener.java:106)
	at org.apache.catalina.core.StandardContext.listenerStart(StandardContext.java:4992)
	at org.apache.catalina.core.StandardContext.startInternal(StandardContext.java:5490)
	at org.apache.catalina.util.LifecycleBase.start(LifecycleBase.java:150)
	at org.apache.catalina.core.ContainerBase$StartChild.call(ContainerBase.java:1575)
	at org.apache.catalina.core.ContainerBase$StartChild.call(ContainerBase.java:1565)
	at java.util.concurrent.FutureTask.run(FutureTask.java:262)
	at java.util.concurrent.ThreadPoolExecutor.runWorker(ThreadPoolExecutor.java:1145)
	at java.util.concurrent.ThreadPoolExecutor$Worker.run(ThreadPoolExecutor.java:615)
	at java.lang.Thread.run(Thread.java:745)
2016-08-27 11:39:59,862 [localhost-startStop-1] ERROR StackTrace  - Full Stack Trace:
org.springframework.beans.factory.BeanCreationException: Error creating bean with name 'transactionManagerPostProcessor': Initialization of bean failed; nested exception is org.springframework.beans.factory.BeanCreationException: Error creating bean with name 'transactionManager': Cannot resolve reference to bean 'sessionFactory' while setting bean property 'sessionFactory'; nested exception is org.springframework.beans.factory.BeanCreationException: Error creating bean with name 'sessionFactory': Invocation of init method failed; nested exception is java.lang.NullPointerException
	at java.util.concurrent.FutureTask.run(FutureTask.java:262)
	at java.util.concurrent.ThreadPoolExecutor.runWorker(ThreadPoolExecutor.java:1145)
	at java.util.concurrent.ThreadPoolExecutor$Worker.run(ThreadPoolExecutor.java:615)
	at java.lang.Thread.run(Thread.java:745)
Caused by: org.springframework.beans.factory.BeanCreationException: Error creating bean with name 'transactionManager': Cannot resolve reference to bean 'sessionFactory' while setting bean property 'sessionFactory'; nested exception is org.springframework.beans.factory.BeanCreationException: Error creating bean with name 'sessionFactory': Invocation of init method failed; nested exception is java.lang.NullPointerException
	... 4 more
Caused by: org.springframework.beans.factory.BeanCreationException: Error creating bean with name 'sessionFactory': Invocation of init method failed; nested exception is java.lang.NullPointerException
	... 4 more
Caused by: java.lang.NullPointerException
	... 4 more
2016-08-27 11:39:59,862 [localhost-startStop-1] ERROR StackTrace  - Full Stack Trace:
org.springframework.beans.factory.BeanCreationException: Error creating bean with name 'transactionManagerPostProcessor': Initialization of bean failed; nested exception is org.springframework.beans.factory.BeanCreationException: Error creating bean with name 'transactionManager': Cannot resolve reference to bean 'sessionFactory' while setting bean property 'sessionFactory'; nested exception is org.springframework.beans.factory.BeanCreationException: Error creating bean with name 'sessionFactory': Invocation of init method failed; nested exception is java.lang.NullPointerException
	at java.util.concurrent.FutureTask.run(FutureTask.java:262)
	at java.util.concurrent.ThreadPoolExecutor.runWorker(ThreadPoolExecutor.java:1145)
	at java.util.concurrent.ThreadPoolExecutor$Worker.run(ThreadPoolExecutor.java:615)
	at java.lang.Thread.run(Thread.java:745)
Caused by: org.springframework.beans.factory.BeanCreationException: Error creating bean with name 'transactionManager': Cannot resolve reference to bean 'sessionFactory' while setting bean property 'sessionFactory'; nested exception is org.springframework.beans.factory.BeanCreationException: Error creating bean with name 'sessionFactory': Invocation of init method failed; nested exception is java.lang.NullPointerException
	... 4 more
Caused by: org.springframework.beans.factory.BeanCreationException: Error creating bean with name 'sessionFactory': Invocation of init method failed; nested exception is java.lang.NullPointerException
	... 4 more
Caused by: java.lang.NullPointerException
	... 4 more
2016-08-27 11:39:59,862 [localhost-startStop-1] ERROR StackTrace  - Full Stack Trace:
org.springframework.beans.factory.BeanCreationException: Error creating bean with name 'transactionManager': Cannot resolve reference to bean 'sessionFactory' while setting bean property 'sessionFactory'; nested exception is org.springframework.beans.factory.BeanCreationException: Error creating bean with name 'sessionFactory': Invocation of init method failed; nested exception is java.lang.NullPointerException
	at java.util.concurrent.FutureTask.run(FutureTask.java:262)
	at java.util.concurrent.ThreadPoolExecutor.runWorker(ThreadPoolExecutor.java:1145)
	at java.util.concurrent.ThreadPoolExecutor$Worker.run(ThreadPoolExecutor.java:615)
	at java.lang.Thread.run(Thread.java:745)
Caused by: org.springframework.beans.factory.BeanCreationException: Error creating bean with name 'sessionFactory': Invocation of init method failed; nested exception is java.lang.NullPointerException
	... 4 more
Caused by: java.lang.NullPointerException
	... 4 more
2016-08-27 11:39:59,862 [localhost-startStop-1] ERROR StackTrace  - Full Stack Trace:
org.springframework.beans.factory.BeanCreationException: Error creating bean with name 'sessionFactory': Invocation of init method failed; nested exception is java.lang.NullPointerException
	at java.util.concurrent.FutureTask.run(FutureTask.java:262)
	at java.util.concurrent.ThreadPoolExecutor.runWorker(ThreadPoolExecutor.java:1145)
	at java.util.concurrent.ThreadPoolExecutor$Worker.run(ThreadPoolExecutor.java:615)
	at java.lang.Thread.run(Thread.java:745)
Caused by: java.lang.NullPointerException
	... 4 more
2016-08-27 11:39:59,863 [localhost-startStop-1] ERROR StackTrace  - Full Stack Trace:
java.lang.NullPointerException
	at java.util.concurrent.FutureTask.run(FutureTask.java:262)
	at java.util.concurrent.ThreadPoolExecutor.runWorker(ThreadPoolExecutor.java:1145)
	at java.util.concurrent.ThreadPoolExecutor$Worker.run(ThreadPoolExecutor.java:615)
	at java.lang.Thread.run(Thread.java:745)
2016-08-27 11:39:59,863 [localhost-startStop-1] ERROR StackTrace  - Full Stack Trace:
org.springframework.beans.factory.BeanCreationException: Error creating bean with name 'transactionManagerPostProcessor': Initialization of bean failed; nested exception is org.springframework.beans.factory.BeanCreationException: Error creating bean with name 'transactionManager': Cannot resolve reference to bean 'sessionFactory' while setting bean property 'sessionFactory'; nested exception is org.springframework.beans.factory.BeanCreationException: Error creating bean with name 'sessionFactory': Invocation of init method failed; nested exception is java.lang.NullPointerException
	at java.util.concurrent.FutureTask.run(FutureTask.java:262)
	at java.util.concurrent.ThreadPoolExecutor.runWorker(ThreadPoolExecutor.java:1145)
	at java.util.concurrent.ThreadPoolExecutor$Worker.run(ThreadPoolExecutor.java:615)
	at java.lang.Thread.run(Thread.java:745)
Caused by: org.springframework.beans.factory.BeanCreationException: Error creating bean with name 'transactionManager': Cannot resolve reference to bean 'sessionFactory' while setting bean property 'sessionFactory'; nested exception is org.springframework.beans.factory.BeanCreationException: Error creating bean with name 'sessionFactory': Invocation of init method failed; nested exception is java.lang.NullPointerException
	... 4 more
Caused by: org.springframework.beans.factory.BeanCreationException: Error creating bean with name 'sessionFactory': Invocation of init method failed; nested exception is java.lang.NullPointerException
	... 4 more
Caused by: java.lang.NullPointerException
	... 4 more
2016-08-27 11:39:59,863 [localhost-startStop-1] ERROR StackTrace  - Full Stack Trace:
org.springframework.beans.factory.BeanCreationException: Error creating bean with name 'transactionManagerPostProcessor': Initialization of bean failed; nested exception is org.springframework.beans.factory.BeanCreationException: Error creating bean with name 'transactionManager': Cannot resolve reference to bean 'sessionFactory' while setting bean property 'sessionFactory'; nested exception is org.springframework.beans.factory.BeanCreationException: Error creating bean with name 'sessionFactory': Invocation of init method failed; nested exception is java.lang.NullPointerException
	at java.util.concurrent.FutureTask.run(FutureTask.java:262)
	at java.util.concurrent.ThreadPoolExecutor.runWorker(ThreadPoolExecutor.java:1145)
	at java.util.concurrent.ThreadPoolExecutor$Worker.run(ThreadPoolExecutor.java:615)
	at java.lang.Thread.run(Thread.java:745)
Caused by: org.springframework.beans.factory.BeanCreationException: Error creating bean with name 'transactionManager': Cannot resolve reference to bean 'sessionFactory' while setting bean property 'sessionFactory'; nested exception is org.springframework.beans.factory.BeanCreationException: Error creating bean with name 'sessionFactory': Invocation of init method failed; nested exception is java.lang.NullPointerException
	... 4 more
Caused by: org.springframework.beans.factory.BeanCreationException: Error creating bean with name 'sessionFactory': Invocation of init method failed; nested exception is java.lang.NullPointerException
	... 4 more
Caused by: java.lang.NullPointerException
	... 4 more
2016-08-27 11:39:59,863 [localhost-startStop-1] ERROR StackTrace  - Full Stack Trace:
org.springframework.beans.factory.BeanCreationException: Error creating bean with name 'transactionManager': Cannot resolve reference to bean 'sessionFactory' while setting bean property 'sessionFactory'; nested exception is org.springframework.beans.factory.BeanCreationException: Error creating bean with name 'sessionFactory': Invocation of init method failed; nested exception is java.lang.NullPointerException
	at java.util.concurrent.FutureTask.run(FutureTask.java:262)
	at java.util.concurrent.ThreadPoolExecutor.runWorker(ThreadPoolExecutor.java:1145)
	at java.util.concurrent.ThreadPoolExecutor$Worker.run(ThreadPoolExecutor.java:615)
	at java.lang.Thread.run(Thread.java:745)
Caused by: org.springframework.beans.factory.BeanCreationException: Error creating bean with name 'sessionFactory': Invocation of init method failed; nested exception is java.lang.NullPointerException
	... 4 more
Caused by: java.lang.NullPointerException
	... 4 more
2016-08-27 11:39:59,863 [localhost-startStop-1] ERROR StackTrace  - Full Stack Trace:
org.springframework.beans.factory.BeanCreationException: Error creating bean with name 'sessionFactory': Invocation of init method failed; nested exception is java.lang.NullPointerException
	at java.util.concurrent.FutureTask.run(FutureTask.java:262)
	at java.util.concurrent.ThreadPoolExecutor.runWorker(ThreadPoolExecutor.java:1145)
	at java.util.concurrent.ThreadPoolExecutor$Worker.run(ThreadPoolExecutor.java:615)
	at java.lang.Thread.run(Thread.java:745)
Caused by: java.lang.NullPointerException
	... 4 more
2016-08-27 11:39:59,864 [localhost-startStop-1] ERROR StackTrace  - Full Stack Trace:
java.lang.NullPointerException
	at java.util.concurrent.FutureTask.run(FutureTask.java:262)
	at java.util.concurrent.ThreadPoolExecutor.runWorker(ThreadPoolExecutor.java:1145)
	at java.util.concurrent.ThreadPoolExecutor$Worker.run(ThreadPoolExecutor.java:615)
	at java.lang.Thread.run(Thread.java:745)
2016-08-27 11:39:59,864 [localhost-startStop-1] ERROR StackTrace  - Full Stack Trace:
org.springframework.beans.factory.BeanCreationException: Error creating bean with name 'transactionManagerPostProcessor': Initialization of bean failed; nested exception is org.springframework.beans.factory.BeanCreationException: Error creating bean with name 'transactionManager': Cannot resolve reference to bean 'sessionFactory' while setting bean property 'sessionFactory'; nested exception is org.springframework.beans.factory.BeanCreationException: Error creating bean with name 'sessionFactory': Invocation of init method failed; nested exception is java.lang.NullPointerException
	at java.util.concurrent.FutureTask.run(FutureTask.java:262)
	at java.util.concurrent.ThreadPoolExecutor.runWorker(ThreadPoolExecutor.java:1145)
	at java.util.concurrent.ThreadPoolExecutor$Worker.run(ThreadPoolExecutor.java:615)
	at java.lang.Thread.run(Thread.java:745)
Caused by: org.springframework.beans.factory.BeanCreationException: Error creating bean with name 'transactionManager': Cannot resolve reference to bean 'sessionFactory' while setting bean property 'sessionFactory'; nested exception is org.springframework.beans.factory.BeanCreationException: Error creating bean with name 'sessionFactory': Invocation of init method failed; nested exception is java.lang.NullPointerException
	... 4 more
Caused by: org.springframework.beans.factory.BeanCreationException: Error creating bean with name 'sessionFactory': Invocation of init method failed; nested exception is java.lang.NullPointerException
	... 4 more
Caused by: java.lang.NullPointerException
	... 4 more
